2024-08-11 15:52:54 startup archives install
2024-08-11 15:52:54 install base-passwd:i386 <none> 3.5.47
2024-08-11 15:52:54 status half-installed base-passwd:i386 3.5.47
2024-08-11 15:52:54 status unpacked base-passwd:i386 3.5.47
2024-08-11 15:52:54 configure base-passwd:i386 3.5.47 3.5.47
2024-08-11 15:52:54 status half-configured base-passwd:i386 3.5.47
2024-08-11 15:52:55 status installed base-passwd:i386 3.5.47
2024-08-11 15:52:55 startup archives install
2024-08-11 15:52:55 install base-files:i386 <none> 11ubuntu5
2024-08-11 15:52:55 status half-installed base-files:i386 11ubuntu5
2024-08-11 15:52:55 status unpacked base-files:i386 11ubuntu5
2024-08-11 15:52:55 configure base-files:i386 11ubuntu5 11ubuntu5
2024-08-11 15:52:56 status half-configured base-files:i386 11ubuntu5
2024-08-11 15:52:56 status installed base-files:i386 11ubuntu5
2024-08-11 15:52:56 startup archives install
2024-08-11 15:52:57 upgrade dpkg 1.19.7ubuntu3 1.19.7ubuntu3
2024-08-11 15:52:57 status half-configured dpkg 1.19.7ubuntu3
2024-08-11 15:52:57 status unpacked dpkg 1.19.7ubuntu3
2024-08-11 15:52:57 status half-installed dpkg 1.19.7ubuntu3
2024-08-11 15:52:57 status unpacked dpkg:i386 1.19.7ubuntu3
2024-08-11 15:52:57 configure dpkg:i386 1.19.7ubuntu3 1.19.7ubuntu3
2024-08-11 15:52:58 status half-configured dpkg:i386 1.19.7ubuntu3
2024-08-11 15:52:58 status installed dpkg:i386 1.19.7ubuntu3
2024-08-11 15:52:59 startup archives install
2024-08-11 15:52:59 install libc6:i386 <none> 2.31-0ubuntu9
2024-08-11 15:52:59 status half-installed libc6:i386 2.31-0ubuntu9
2024-08-11 15:53:00 status unpacked libc6:i386 2.31-0ubuntu9
2024-08-11 15:53:00 configure libc6:i386 2.31-0ubuntu9 2.31-0ubuntu9
2024-08-11 15:53:00 status half-configured libc6:i386 2.31-0ubuntu9
2024-08-11 15:53:00 status installed libc6:i386 2.31-0ubuntu9
2024-08-11 15:53:01 startup archives install
2024-08-11 15:53:01 install perl-base:i386 <none> 5.30.0-9build1
2024-08-11 15:53:01 status half-installed perl-base:i386 5.30.0-9build1
2024-08-11 15:53:01 status unpacked perl-base:i386 5.30.0-9build1
2024-08-11 15:53:01 configure perl-base:i386 5.30.0-9build1 5.30.0-9build1
2024-08-11 15:53:02 status half-configured perl-base:i386 5.30.0-9build1
2024-08-11 15:53:02 status installed perl-base:i386 5.30.0-9build1
2024-08-11 15:53:02 startup archives install
2024-08-11 15:53:02 install mawk:i386 <none> 1.3.4.20200120-2
2024-08-11 15:53:02 status half-installed mawk:i386 1.3.4.20200120-2
2024-08-11 15:53:02 status unpacked mawk:i386 1.3.4.20200120-2
2024-08-11 15:53:02 configure mawk:i386 1.3.4.20200120-2 1.3.4.20200120-2
2024-08-11 15:53:02 status half-configured mawk:i386 1.3.4.20200120-2
2024-08-11 15:53:02 status installed mawk:i386 1.3.4.20200120-2
2024-08-11 15:53:02 startup archives install
2024-08-11 15:53:03 install debconf:all <none> 1.5.73
2024-08-11 15:53:03 status half-installed debconf:all 1.5.73
2024-08-11 15:53:03 status unpacked debconf:all 1.5.73
2024-08-11 15:53:03 configure debconf:all 1.5.73 1.5.73
2024-08-11 15:53:03 status half-configured debconf:all 1.5.73
2024-08-11 15:53:04 status installed debconf:all 1.5.73
2024-08-11 15:53:04 startup archives unpack
2024-08-11 15:53:04 upgrade base-files:i386 11ubuntu5 11ubuntu5
2024-08-11 15:53:04 status half-configured base-files:i386 11ubuntu5
2024-08-11 15:53:04 status unpacked base-files:i386 11ubuntu5
2024-08-11 15:53:04 status half-installed base-files:i386 11ubuntu5
2024-08-11 15:53:05 status unpacked base-files:i386 11ubuntu5
2024-08-11 15:53:05 upgrade base-passwd:i386 3.5.47 3.5.47
2024-08-11 15:53:05 status half-configured base-passwd:i386 3.5.47
2024-08-11 15:53:05 status unpacked base-passwd:i386 3.5.47
2024-08-11 15:53:05 status half-installed base-passwd:i386 3.5.47
2024-08-11 15:53:05 status unpacked base-passwd:i386 3.5.47
2024-08-11 15:53:06 install bash:i386 <none> 5.0-6ubuntu1
2024-08-11 15:53:06 status half-installed bash:i386 5.0-6ubuntu1
2024-08-11 15:53:06 status unpacked bash:i386 5.0-6ubuntu1
2024-08-11 15:53:06 install bsdutils:i386 <none> 1:2.34-0.1ubuntu9
2024-08-11 15:53:06 status half-installed bsdutils:i386 1:2.34-0.1ubuntu9
2024-08-11 15:53:06 status unpacked bsdutils:i386 1:2.34-0.1ubuntu9
2024-08-11 15:53:07 install coreutils:i386 <none> 8.30-3ubuntu2
2024-08-11 15:53:07 status half-installed coreutils:i386 8.30-3ubuntu2
2024-08-11 15:53:07 status unpacked coreutils:i386 8.30-3ubuntu2
2024-08-11 15:53:07 install dash:i386 <none> 0.5.10.2-6
2024-08-11 15:53:07 status half-installed dash:i386 0.5.10.2-6
2024-08-11 15:53:08 status unpacked dash:i386 0.5.10.2-6
2024-08-11 15:53:08 upgrade debconf:all 1.5.73 1.5.73
2024-08-11 15:53:08 status half-configured debconf:all 1.5.73
2024-08-11 15:53:08 status unpacked debconf:all 1.5.73
2024-08-11 15:53:08 status half-installed debconf:all 1.5.73
2024-08-11 15:53:08 status unpacked debconf:all 1.5.73
2024-08-11 15:53:09 install debianutils:i386 <none> 4.9.1
2024-08-11 15:53:09 status half-installed debianutils:i386 4.9.1
2024-08-11 15:53:09 status unpacked debianutils:i386 4.9.1
2024-08-11 15:53:09 install diffutils:i386 <none> 1:3.7-3
2024-08-11 15:53:09 status half-installed diffutils:i386 1:3.7-3
2024-08-11 15:53:09 status unpacked diffutils:i386 1:3.7-3
2024-08-11 15:53:09 upgrade dpkg:i386 1.19.7ubuntu3 1.19.7ubuntu3
2024-08-11 15:53:09 status half-configured dpkg:i386 1.19.7ubuntu3
2024-08-11 15:53:09 status unpacked dpkg:i386 1.19.7ubuntu3
2024-08-11 15:53:10 status half-installed dpkg:i386 1.19.7ubuntu3
2024-08-11 15:53:10 status unpacked dpkg:i386 1.19.7ubuntu3
2024-08-11 15:53:10 install e2fsprogs:i386 <none> 1.45.5-2ubuntu1
2024-08-11 15:53:10 status half-installed e2fsprogs:i386 1.45.5-2ubuntu1
2024-08-11 15:53:11 status unpacked e2fsprogs:i386 1.45.5-2ubuntu1
2024-08-11 15:53:11 install fdisk:i386 <none> 2.34-0.1ubuntu9
2024-08-11 15:53:11 status half-installed fdisk:i386 2.34-0.1ubuntu9
2024-08-11 15:53:11 status unpacked fdisk:i386 2.34-0.1ubuntu9
2024-08-11 15:53:11 install findutils:i386 <none> 4.7.0-1ubuntu1
2024-08-11 15:53:11 status half-installed findutils:i386 4.7.0-1ubuntu1
2024-08-11 15:53:12 status unpacked findutils:i386 4.7.0-1ubuntu1
2024-08-11 15:53:12 install gcc-10-base:i386 <none> 10-20200411-0ubuntu1
2024-08-11 15:53:12 status half-installed gcc-10-base:i386 10-20200411-0ubuntu1
2024-08-11 15:53:12 status unpacked gcc-10-base:i386 10-20200411-0ubuntu1
2024-08-11 15:53:12 install grep:i386 <none> 3.4-1
2024-08-11 15:53:12 status half-installed grep:i386 3.4-1
2024-08-11 15:53:12 status unpacked grep:i386 3.4-1
2024-08-11 15:53:13 install gzip:i386 <none> 1.10-0ubuntu4
2024-08-11 15:53:13 status half-installed gzip:i386 1.10-0ubuntu4
2024-08-11 15:53:13 status unpacked gzip:i386 1.10-0ubuntu4
2024-08-11 15:53:13 install hostname:i386 <none> 3.23
2024-08-11 15:53:13 status half-installed hostname:i386 3.23
2024-08-11 15:53:13 status unpacked hostname:i386 3.23
2024-08-11 15:53:13 install init-system-helpers:all <none> 1.57
2024-08-11 15:53:13 status half-installed init-system-helpers:all 1.57
2024-08-11 15:53:14 status unpacked init-system-helpers:all 1.57
2024-08-11 15:53:14 install libacl1:i386 <none> 2.2.53-6
2024-08-11 15:53:14 status half-installed libacl1:i386 2.2.53-6
2024-08-11 15:53:14 status unpacked libacl1:i386 2.2.53-6
2024-08-11 15:53:14 install libattr1:i386 <none> 1:2.4.48-5
2024-08-11 15:53:14 status half-installed libattr1:i386 1:2.4.48-5
2024-08-11 15:53:15 status unpacked libattr1:i386 1:2.4.48-5
2024-08-11 15:53:15 install libaudit-common:all <none> 1:2.8.5-2ubuntu6
2024-08-11 15:53:15 status half-installed libaudit-common:all 1:2.8.5-2ubuntu6
2024-08-11 15:53:15 status unpacked libaudit-common:all 1:2.8.5-2ubuntu6
2024-08-11 15:53:15 install libaudit1:i386 <none> 1:2.8.5-2ubuntu6
2024-08-11 15:53:15 status half-installed libaudit1:i386 1:2.8.5-2ubuntu6
2024-08-11 15:53:16 status unpacked libaudit1:i386 1:2.8.5-2ubuntu6
2024-08-11 15:53:16 install libblkid1:i386 <none> 2.34-0.1ubuntu9
2024-08-11 15:53:16 status half-installed libblkid1:i386 2.34-0.1ubuntu9
2024-08-11 15:53:16 status unpacked libblkid1:i386 2.34-0.1ubuntu9
2024-08-11 15:53:16 install libbz2-1.0:i386 <none> 1.0.8-2
2024-08-11 15:53:16 status half-installed libbz2-1.0:i386 1.0.8-2
2024-08-11 15:53:16 status unpacked libbz2-1.0:i386 1.0.8-2
2024-08-11 15:53:17 install libc-bin:i386 <none> 2.31-0ubuntu9
2024-08-11 15:53:17 status half-installed libc-bin:i386 2.31-0ubuntu9
2024-08-11 15:53:17 status unpacked libc-bin:i386 2.31-0ubuntu9
2024-08-11 15:53:18 upgrade libc6:i386 2.31-0ubuntu9 2.31-0ubuntu9
2024-08-11 15:53:18 status half-configured libc6:i386 2.31-0ubuntu9
2024-08-11 15:53:18 status unpacked libc6:i386 2.31-0ubuntu9
2024-08-11 15:53:18 status half-installed libc6:i386 2.31-0ubuntu9
2024-08-11 15:53:19 status unpacked libc6:i386 2.31-0ubuntu9
2024-08-11 15:53:19 install libcap-ng0:i386 <none> 0.7.9-2.1build1
2024-08-11 15:53:19 status half-installed libcap-ng0:i386 0.7.9-2.1build1
2024-08-11 15:53:19 status unpacked libcap-ng0:i386 0.7.9-2.1build1
2024-08-11 15:53:20 install libcom-err2:i386 <none> 1.45.5-2ubuntu1
2024-08-11 15:53:20 status half-installed libcom-err2:i386 1.45.5-2ubuntu1
2024-08-11 15:53:20 status unpacked libcom-err2:i386 1.45.5-2ubuntu1
2024-08-11 15:53:20 install libcrypt1:i386 <none> 1:4.4.10-10ubuntu4
2024-08-11 15:53:20 status half-installed libcrypt1:i386 1:4.4.10-10ubuntu4
2024-08-11 15:53:20 status unpacked libcrypt1:i386 1:4.4.10-10ubuntu4
2024-08-11 15:53:20 install libdb5.3:i386 <none> 5.3.28+dfsg1-0.6ubuntu2
2024-08-11 15:53:20 status half-installed libdb5.3:i386 5.3.28+dfsg1-0.6ubuntu2
2024-08-11 15:53:21 status unpacked libdb5.3:i386 5.3.28+dfsg1-0.6ubuntu2
2024-08-11 15:53:21 install libdebconfclient0:i386 <none> 0.251ubuntu1
2024-08-11 15:53:21 status half-installed libdebconfclient0:i386 0.251ubuntu1
2024-08-11 15:53:21 status unpacked libdebconfclient0:i386 0.251ubuntu1
2024-08-11 15:53:21 install libext2fs2:i386 <none> 1.45.5-2ubuntu1
2024-08-11 15:53:21 status half-installed libext2fs2:i386 1.45.5-2ubuntu1
2024-08-11 15:53:22 status unpacked libext2fs2:i386 1.45.5-2ubuntu1
2024-08-11 15:53:22 install libfdisk1:i386 <none> 2.34-0.1ubuntu9
2024-08-11 15:53:22 status half-installed libfdisk1:i386 2.34-0.1ubuntu9
2024-08-11 15:53:22 status unpacked libfdisk1:i386 2.34-0.1ubuntu9
2024-08-11 15:53:23 install libgcc-s1:i386 <none> 10-20200411-0ubuntu1
2024-08-11 15:53:23 status half-installed libgcc-s1:i386 10-20200411-0ubuntu1
2024-08-11 15:53:23 status unpacked libgcc-s1:i386 10-20200411-0ubuntu1
2024-08-11 15:53:24 install libgcrypt20:i386 <none> 1.8.5-5ubuntu1
2024-08-11 15:53:24 status half-installed libgcrypt20:i386 1.8.5-5ubuntu1
2024-08-11 15:53:24 status unpacked libgcrypt20:i386 1.8.5-5ubuntu1
2024-08-11 15:53:25 install libgpg-error0:i386 <none> 1.37-1
2024-08-11 15:53:25 status half-installed libgpg-error0:i386 1.37-1
2024-08-11 15:53:25 status unpacked libgpg-error0:i386 1.37-1
2024-08-11 15:53:26 install liblz4-1:i386 <none> 1.9.2-2
2024-08-11 15:53:26 status half-installed liblz4-1:i386 1.9.2-2
2024-08-11 15:53:26 status unpacked liblz4-1:i386 1.9.2-2
2024-08-11 15:53:26 install liblzma5:i386 <none> 5.2.4-1
2024-08-11 15:53:26 status half-installed liblzma5:i386 5.2.4-1
2024-08-11 15:53:26 status unpacked liblzma5:i386 5.2.4-1
2024-08-11 15:53:27 install libmount1:i386 <none> 2.34-0.1ubuntu9
2024-08-11 15:53:27 status half-installed libmount1:i386 2.34-0.1ubuntu9
2024-08-11 15:53:27 status unpacked libmount1:i386 2.34-0.1ubuntu9
2024-08-11 15:53:27 install libncurses6:i386 <none> 6.2-0ubuntu2
2024-08-11 15:53:27 status half-installed libncurses6:i386 6.2-0ubuntu2
2024-08-11 15:53:28 status unpacked libncurses6:i386 6.2-0ubuntu2
2024-08-11 15:53:28 install libncursesw6:i386 <none> 6.2-0ubuntu2
2024-08-11 15:53:28 status half-installed libncursesw6:i386 6.2-0ubuntu2
2024-08-11 15:53:28 status unpacked libncursesw6:i386 6.2-0ubuntu2
2024-08-11 15:53:29 install libpam-modules:i386 <none> 1.3.1-5ubuntu4
2024-08-11 15:53:29 status half-installed libpam-modules:i386 1.3.1-5ubuntu4
2024-08-11 15:53:29 status unpacked libpam-modules:i386 1.3.1-5ubuntu4
2024-08-11 15:53:29 install libpam-modules-bin:i386 <none> 1.3.1-5ubuntu4
2024-08-11 15:53:29 status half-installed libpam-modules-bin:i386 1.3.1-5ubuntu4
2024-08-11 15:53:29 status unpacked libpam-modules-bin:i386 1.3.1-5ubuntu4
2024-08-11 15:53:30 install libpam-runtime:all <none> 1.3.1-5ubuntu4
2024-08-11 15:53:30 status half-installed libpam-runtime:all 1.3.1-5ubuntu4
2024-08-11 15:53:30 status unpacked libpam-runtime:all 1.3.1-5ubuntu4
2024-08-11 15:53:30 install libpam0g:i386 <none> 1.3.1-5ubuntu4
2024-08-11 15:53:30 status half-installed libpam0g:i386 1.3.1-5ubuntu4
2024-08-11 15:53:30 status unpacked libpam0g:i386 1.3.1-5ubuntu4
2024-08-11 15:53:31 install libpcre2-8-0:i386 <none> 10.34-7
2024-08-11 15:53:31 status half-installed libpcre2-8-0:i386 10.34-7
2024-08-11 15:53:31 status unpacked libpcre2-8-0:i386 10.34-7
2024-08-11 15:53:31 install libpcre3:i386 <none> 2:8.39-12build1
2024-08-11 15:53:31 status half-installed libpcre3:i386 2:8.39-12build1
2024-08-11 15:53:31 status unpacked libpcre3:i386 2:8.39-12build1
2024-08-11 15:53:32 install libprocps8:i386 <none> 2:3.3.16-1ubuntu2
2024-08-11 15:53:32 status half-installed libprocps8:i386 2:3.3.16-1ubuntu2
2024-08-11 15:53:32 status unpacked libprocps8:i386 2:3.3.16-1ubuntu2
2024-08-11 15:53:32 install libselinux1:i386 <none> 3.0-1build2
2024-08-11 15:53:32 status half-installed libselinux1:i386 3.0-1build2
2024-08-11 15:53:32 status unpacked libselinux1:i386 3.0-1build2
2024-08-11 15:53:32 install libsemanage-common:all <none> 3.0-1build2
2024-08-11 15:53:32 status half-installed libsemanage-common:all 3.0-1build2
2024-08-11 15:53:33 status unpacked libsemanage-common:all 3.0-1build2
2024-08-11 15:53:33 install libsemanage1:i386 <none> 3.0-1build2
2024-08-11 15:53:33 status half-installed libsemanage1:i386 3.0-1build2
2024-08-11 15:53:33 status unpacked libsemanage1:i386 3.0-1build2
2024-08-11 15:53:33 install libsepol1:i386 <none> 3.0-1
2024-08-11 15:53:33 status half-installed libsepol1:i386 3.0-1
2024-08-11 15:53:34 status unpacked libsepol1:i386 3.0-1
2024-08-11 15:53:34 install libsmartcols1:i386 <none> 2.34-0.1ubuntu9
2024-08-11 15:53:34 status half-installed libsmartcols1:i386 2.34-0.1ubuntu9
2024-08-11 15:53:34 status unpacked libsmartcols1:i386 2.34-0.1ubuntu9
2024-08-11 15:53:34 install libss2:i386 <none> 1.45.5-2ubuntu1
2024-08-11 15:53:34 status half-installed libss2:i386 1.45.5-2ubuntu1
2024-08-11 15:53:35 status unpacked libss2:i386 1.45.5-2ubuntu1
2024-08-11 15:53:35 install libsystemd0:i386 <none> 245.4-4ubuntu3
2024-08-11 15:53:35 status half-installed libsystemd0:i386 245.4-4ubuntu3
2024-08-11 15:53:35 status unpacked libsystemd0:i386 245.4-4ubuntu3
2024-08-11 15:53:35 install libtinfo6:i386 <none> 6.2-0ubuntu2
2024-08-11 15:53:35 status half-installed libtinfo6:i386 6.2-0ubuntu2
2024-08-11 15:53:35 status unpacked libtinfo6:i386 6.2-0ubuntu2
2024-08-11 15:53:36 install libudev1:i386 <none> 245.4-4ubuntu3
2024-08-11 15:53:36 status half-installed libudev1:i386 245.4-4ubuntu3
2024-08-11 15:53:36 status unpacked libudev1:i386 245.4-4ubuntu3
2024-08-11 15:53:36 install libuuid1:i386 <none> 2.34-0.1ubuntu9
2024-08-11 15:53:36 status half-installed libuuid1:i386 2.34-0.1ubuntu9
2024-08-11 15:53:37 status unpacked libuuid1:i386 2.34-0.1ubuntu9
2024-08-11 15:53:37 install libzstd1:i386 <none> 1.4.4+dfsg-3
2024-08-11 15:53:37 status half-installed libzstd1:i386 1.4.4+dfsg-3
2024-08-11 15:53:37 status unpacked libzstd1:i386 1.4.4+dfsg-3
2024-08-11 15:53:38 install login:i386 <none> 1:4.8.1-1ubuntu5
2024-08-11 15:53:38 status half-installed login:i386 1:4.8.1-1ubuntu5
2024-08-11 15:53:38 status unpacked login:i386 1:4.8.1-1ubuntu5
2024-08-11 15:53:38 install logsave:i386 <none> 1.45.5-2ubuntu1
2024-08-11 15:53:38 status half-installed logsave:i386 1.45.5-2ubuntu1
2024-08-11 15:53:38 status unpacked logsave:i386 1.45.5-2ubuntu1
2024-08-11 15:53:38 install lsb-base:all <none> 11.1.0ubuntu2
2024-08-11 15:53:38 status half-installed lsb-base:all 11.1.0ubuntu2
2024-08-11 15:53:39 status unpacked lsb-base:all 11.1.0ubuntu2
2024-08-11 15:53:39 upgrade mawk:i386 1.3.4.20200120-2 1.3.4.20200120-2
2024-08-11 15:53:39 status half-configured mawk:i386 1.3.4.20200120-2
2024-08-11 15:53:39 status unpacked mawk:i386 1.3.4.20200120-2
2024-08-11 15:53:39 status half-installed mawk:i386 1.3.4.20200120-2
2024-08-11 15:53:39 status unpacked mawk:i386 1.3.4.20200120-2
2024-08-11 15:53:39 install mount:i386 <none> 2.34-0.1ubuntu9
2024-08-11 15:53:39 status half-installed mount:i386 2.34-0.1ubuntu9
2024-08-11 15:53:40 status unpacked mount:i386 2.34-0.1ubuntu9
2024-08-11 15:53:40 install ncurses-base:all <none> 6.2-0ubuntu2
2024-08-11 15:53:40 status half-installed ncurses-base:all 6.2-0ubuntu2
2024-08-11 15:53:40 status unpacked ncurses-base:all 6.2-0ubuntu2
2024-08-11 15:53:40 install ncurses-bin:i386 <none> 6.2-0ubuntu2
2024-08-11 15:53:40 status half-installed ncurses-bin:i386 6.2-0ubuntu2
2024-08-11 15:53:40 status unpacked ncurses-bin:i386 6.2-0ubuntu2
2024-08-11 15:53:41 install passwd:i386 <none> 1:4.8.1-1ubuntu5
2024-08-11 15:53:41 status half-installed passwd:i386 1:4.8.1-1ubuntu5
2024-08-11 15:53:41 status unpacked passwd:i386 1:4.8.1-1ubuntu5
2024-08-11 15:53:41 upgrade perl-base:i386 5.30.0-9build1 5.30.0-9build1
2024-08-11 15:53:41 status half-configured perl-base:i386 5.30.0-9build1
2024-08-11 15:53:42 status unpacked perl-base:i386 5.30.0-9build1
2024-08-11 15:53:42 status half-installed perl-base:i386 5.30.0-9build1
2024-08-11 15:53:42 status unpacked perl-base:i386 5.30.0-9build1
2024-08-11 15:53:43 install procps:i386 <none> 2:3.3.16-1ubuntu2
2024-08-11 15:53:43 status half-installed procps:i386 2:3.3.16-1ubuntu2
2024-08-11 15:53:43 status unpacked procps:i386 2:3.3.16-1ubuntu2
2024-08-11 15:53:43 install sed:i386 <none> 4.7-1
2024-08-11 15:53:43 status half-installed sed:i386 4.7-1
2024-08-11 15:53:43 status unpacked sed:i386 4.7-1
2024-08-11 15:53:43 install sensible-utils:all <none> 0.0.12+nmu1
2024-08-11 15:53:43 status half-installed sensible-utils:all 0.0.12+nmu1
2024-08-11 15:53:44 status unpacked sensible-utils:all 0.0.12+nmu1
2024-08-11 15:53:44 install sysvinit-utils:i386 <none> 2.96-2.1ubuntu1
2024-08-11 15:53:44 status half-installed sysvinit-utils:i386 2.96-2.1ubuntu1
2024-08-11 15:53:44 status unpacked sysvinit-utils:i386 2.96-2.1ubuntu1
2024-08-11 15:53:44 install tar:i386 <none> 1.30+dfsg-7
2024-08-11 15:53:44 status half-installed tar:i386 1.30+dfsg-7
2024-08-11 15:53:44 status unpacked tar:i386 1.30+dfsg-7
2024-08-11 15:53:45 install util-linux:i386 <none> 2.34-0.1ubuntu9
2024-08-11 15:53:45 status half-installed util-linux:i386 2.34-0.1ubuntu9
2024-08-11 15:53:45 status unpacked util-linux:i386 2.34-0.1ubuntu9
2024-08-11 15:53:46 install zlib1g:i386 <none> 1:1.2.11.dfsg-2ubuntu1
2024-08-11 15:53:46 status half-installed zlib1g:i386 1:1.2.11.dfsg-2ubuntu1
2024-08-11 15:53:46 status unpacked zlib1g:i386 1:1.2.11.dfsg-2ubuntu1
2024-08-11 15:53:46 startup packages configure
2024-08-11 15:53:46 configure lsb-base:all 11.1.0ubuntu2 <none>
2024-08-11 15:53:46 status unpacked lsb-base:all 11.1.0ubuntu2
2024-08-11 15:53:46 status half-configured lsb-base:all 11.1.0ubuntu2
2024-08-11 15:53:46 status installed lsb-base:all 11.1.0ubuntu2
2024-08-11 15:53:46 configure libaudit-common:all 1:2.8.5-2ubuntu6 <none>
2024-08-11 15:53:46 status unpacked libaudit-common:all 1:2.8.5-2ubuntu6
2024-08-11 15:53:46 status half-configured libaudit-common:all 1:2.8.5-2ubuntu6
2024-08-11 15:53:46 status installed libaudit-common:all 1:2.8.5-2ubuntu6
2024-08-11 15:53:46 configure libsemanage-common:all 3.0-1build2 <none>
2024-08-11 15:53:46 status unpacked libsemanage-common:all 3.0-1build2
2024-08-11 15:53:47 status half-configured libsemanage-common:all 3.0-1build2
2024-08-11 15:53:47 status installed libsemanage-common:all 3.0-1build2
2024-08-11 15:53:47 configure gcc-10-base:i386 10-20200411-0ubuntu1 <none>
2024-08-11 15:53:47 status unpacked gcc-10-base:i386 10-20200411-0ubuntu1
2024-08-11 15:53:47 status half-configured gcc-10-base:i386 10-20200411-0ubuntu1
2024-08-11 15:53:47 status installed gcc-10-base:i386 10-20200411-0ubuntu1
2024-08-11 15:53:47 configure ncurses-base:all 6.2-0ubuntu2 <none>
2024-08-11 15:53:47 status unpacked ncurses-base:all 6.2-0ubuntu2
2024-08-11 15:53:47 status half-configured ncurses-base:all 6.2-0ubuntu2
2024-08-11 15:53:47 status installed ncurses-base:all 6.2-0ubuntu2
2024-08-11 15:53:48 configure sensible-utils:all 0.0.12+nmu1 <none>
2024-08-11 15:53:48 status unpacked sensible-utils:all 0.0.12+nmu1
2024-08-11 15:53:48 status half-configured sensible-utils:all 0.0.12+nmu1
2024-08-11 15:53:48 status installed sensible-utils:all 0.0.12+nmu1
2024-08-11 15:53:48 configure libcrypt1:i386 1:4.4.10-10ubuntu4 <none>
2024-08-11 15:53:48 status unpacked libcrypt1:i386 1:4.4.10-10ubuntu4
2024-08-11 15:53:48 status half-configured libcrypt1:i386 1:4.4.10-10ubuntu4
2024-08-11 15:53:48 status installed libcrypt1:i386 1:4.4.10-10ubuntu4
2024-08-11 15:53:48 configure libgcc-s1:i386 10-20200411-0ubuntu1 <none>
2024-08-11 15:53:48 status unpacked libgcc-s1:i386 10-20200411-0ubuntu1
2024-08-11 15:53:48 status half-configured libgcc-s1:i386 10-20200411-0ubuntu1
2024-08-11 15:53:48 status installed libgcc-s1:i386 10-20200411-0ubuntu1
2024-08-11 15:53:48 configure libc6:i386 2.31-0ubuntu9 <none>
2024-08-11 15:53:48 status unpacked libc6:i386 2.31-0ubuntu9
2024-08-11 15:53:48 status half-configured libc6:i386 2.31-0ubuntu9
2024-08-11 15:53:48 status installed libc6:i386 2.31-0ubuntu9
2024-08-11 15:53:49 configure libudev1:i386 245.4-4ubuntu3 <none>
2024-08-11 15:53:49 status unpacked libudev1:i386 245.4-4ubuntu3
2024-08-11 15:53:49 status half-configured libudev1:i386 245.4-4ubuntu3
2024-08-11 15:53:49 status installed libudev1:i386 245.4-4ubuntu3
2024-08-11 15:53:49 configure libsepol1:i386 3.0-1 <none>
2024-08-11 15:53:49 status unpacked libsepol1:i386 3.0-1
2024-08-11 15:53:49 status half-configured libsepol1:i386 3.0-1
2024-08-11 15:53:49 status installed libsepol1:i386 3.0-1
2024-08-11 15:53:49 configure libattr1:i386 1:2.4.48-5 <none>
2024-08-11 15:53:49 status unpacked libattr1:i386 1:2.4.48-5
2024-08-11 15:53:49 status half-configured libattr1:i386 1:2.4.48-5
2024-08-11 15:53:49 status installed libattr1:i386 1:2.4.48-5
2024-08-11 15:53:49 configure debianutils:i386 4.9.1 <none>
2024-08-11 15:53:49 status unpacked debianutils:i386 4.9.1
2024-08-11 15:53:49 status half-configured debianutils:i386 4.9.1
2024-08-11 15:53:49 status installed debianutils:i386 4.9.1
2024-08-11 15:53:49 configure mawk:i386 1.3.4.20200120-2 <none>
2024-08-11 15:53:49 status unpacked mawk:i386 1.3.4.20200120-2
2024-08-11 15:53:49 status half-configured mawk:i386 1.3.4.20200120-2
2024-08-11 15:53:49 status installed mawk:i386 1.3.4.20200120-2
2024-08-11 15:53:49 configure libdebconfclient0:i386 0.251ubuntu1 <none>
2024-08-11 15:53:49 status unpacked libdebconfclient0:i386 0.251ubuntu1
2024-08-11 15:53:50 status half-configured libdebconfclient0:i386 0.251ubuntu1
2024-08-11 15:53:50 status installed libdebconfclient0:i386 0.251ubuntu1
2024-08-11 15:53:50 configure base-files:i386 11ubuntu5 <none>
2024-08-11 15:53:50 status unpacked base-files:i386 11ubuntu5
2024-08-11 15:53:51 status half-configured base-files:i386 11ubuntu5
2024-08-11 15:53:51 status installed base-files:i386 11ubuntu5
2024-08-11 15:53:51 configure libbz2-1.0:i386 1.0.8-2 <none>
2024-08-11 15:53:51 status unpacked libbz2-1.0:i386 1.0.8-2
2024-08-11 15:53:51 status half-configured libbz2-1.0:i386 1.0.8-2
2024-08-11 15:53:51 status installed libbz2-1.0:i386 1.0.8-2
2024-08-11 15:53:51 configure base-passwd:i386 3.5.47 <none>
2024-08-11 15:53:51 status unpacked base-passwd:i386 3.5.47
2024-08-11 15:53:51 status half-configured base-passwd:i386 3.5.47
2024-08-11 15:53:51 status installed base-passwd:i386 3.5.47
2024-08-11 15:53:51 configure libdb5.3:i386 5.3.28+dfsg1-0.6ubuntu2 <none>
2024-08-11 15:53:51 status unpacked libdb5.3:i386 5.3.28+dfsg1-0.6ubuntu2
2024-08-11 15:53:51 status half-configured libdb5.3:i386 5.3.28+dfsg1-0.6ubuntu2
2024-08-11 15:53:51 status installed libdb5.3:i386 5.3.28+dfsg1-0.6ubuntu2
2024-08-11 15:53:51 configure libblkid1:i386 2.34-0.1ubuntu9 <none>
2024-08-11 15:53:51 status unpacked libblkid1:i386 2.34-0.1ubuntu9
2024-08-11 15:53:51 status half-configured libblkid1:i386 2.34-0.1ubuntu9
2024-08-11 15:53:52 status installed libblkid1:i386 2.34-0.1ubuntu9
2024-08-11 15:53:52 configure libtinfo6:i386 6.2-0ubuntu2 <none>
2024-08-11 15:53:52 status unpacked libtinfo6:i386 6.2-0ubuntu2
2024-08-11 15:53:52 status half-configured libtinfo6:i386 6.2-0ubuntu2
2024-08-11 15:53:52 status installed libtinfo6:i386 6.2-0ubuntu2
2024-08-11 15:53:52 configure bash:i386 5.0-6ubuntu1 <none>
2024-08-11 15:53:52 status unpacked bash:i386 5.0-6ubuntu1
2024-08-11 15:53:52 status half-configured bash:i386 5.0-6ubuntu1
2024-08-11 15:53:52 status installed bash:i386 5.0-6ubuntu1
2024-08-11 15:53:52 configure libzstd1:i386 1.4.4+dfsg-3 <none>
2024-08-11 15:53:52 status unpacked libzstd1:i386 1.4.4+dfsg-3
2024-08-11 15:53:52 status half-configured libzstd1:i386 1.4.4+dfsg-3
2024-08-11 15:53:52 status installed libzstd1:i386 1.4.4+dfsg-3
2024-08-11 15:53:52 configure liblzma5:i386 5.2.4-1 <none>
2024-08-11 15:53:52 status unpacked liblzma5:i386 5.2.4-1
2024-08-11 15:53:52 status half-configured liblzma5:i386 5.2.4-1
2024-08-11 15:53:52 status installed liblzma5:i386 5.2.4-1
2024-08-11 15:53:53 configure libgpg-error0:i386 1.37-1 <none>
2024-08-11 15:53:53 status unpacked libgpg-error0:i386 1.37-1
2024-08-11 15:53:53 status half-configured libgpg-error0:i386 1.37-1
2024-08-11 15:53:53 status installed libgpg-error0:i386 1.37-1
2024-08-11 15:53:53 configure liblz4-1:i386 1.9.2-2 <none>
2024-08-11 15:53:53 status unpacked liblz4-1:i386 1.9.2-2
2024-08-11 15:53:53 status half-configured liblz4-1:i386 1.9.2-2
2024-08-11 15:53:53 status installed liblz4-1:i386 1.9.2-2
2024-08-11 15:53:53 configure libc-bin:i386 2.31-0ubuntu9 <none>
2024-08-11 15:53:53 status unpacked libc-bin:i386 2.31-0ubuntu9
2024-08-11 15:53:53 status half-configured libc-bin:i386 2.31-0ubuntu9
2024-08-11 15:53:53 status installed libc-bin:i386 2.31-0ubuntu9
2024-08-11 15:53:53 configure ncurses-bin:i386 6.2-0ubuntu2 <none>
2024-08-11 15:53:53 status unpacked ncurses-bin:i386 6.2-0ubuntu2
2024-08-11 15:53:53 status half-configured ncurses-bin:i386 6.2-0ubuntu2
2024-08-11 15:53:53 status installed ncurses-bin:i386 6.2-0ubuntu2
2024-08-11 15:53:54 configure libacl1:i386 2.2.53-6 <none>
2024-08-11 15:53:54 status triggers-pending libc-bin:i386 2.31-0ubuntu9
2024-08-11 15:53:54 status unpacked libacl1:i386 2.2.53-6
2024-08-11 15:53:54 status half-configured libacl1:i386 2.2.53-6
2024-08-11 15:53:54 status installed libacl1:i386 2.2.53-6
2024-08-11 15:53:54 configure libsmartcols1:i386 2.34-0.1ubuntu9 <none>
2024-08-11 15:53:54 status unpacked libsmartcols1:i386 2.34-0.1ubuntu9
2024-08-11 15:53:54 status half-configured libsmartcols1:i386 2.34-0.1ubuntu9
2024-08-11 15:53:54 status installed libsmartcols1:i386 2.34-0.1ubuntu9
2024-08-11 15:53:54 configure libgcrypt20:i386 1.8.5-5ubuntu1 <none>
2024-08-11 15:53:54 status unpacked libgcrypt20:i386 1.8.5-5ubuntu1
2024-08-11 15:53:54 status half-configured libgcrypt20:i386 1.8.5-5ubuntu1
2024-08-11 15:53:54 status installed libgcrypt20:i386 1.8.5-5ubuntu1
2024-08-11 15:53:54 configure zlib1g:i386 1:1.2.11.dfsg-2ubuntu1 <none>
2024-08-11 15:53:54 status unpacked zlib1g:i386 1:1.2.11.dfsg-2ubuntu1
2024-08-11 15:53:54 status half-configured zlib1g:i386 1:1.2.11.dfsg-2ubuntu1
2024-08-11 15:53:54 status installed zlib1g:i386 1:1.2.11.dfsg-2ubuntu1
2024-08-11 15:53:54 configure libcom-err2:i386 1.45.5-2ubuntu1 <none>
2024-08-11 15:53:54 status unpacked libcom-err2:i386 1.45.5-2ubuntu1
2024-08-11 15:53:54 status half-configured libcom-err2:i386 1.45.5-2ubuntu1
2024-08-11 15:53:54 status installed libcom-err2:i386 1.45.5-2ubuntu1
2024-08-11 15:53:54 configure diffutils:i386 1:3.7-3 <none>
2024-08-11 15:53:54 status unpacked diffutils:i386 1:3.7-3
2024-08-11 15:53:54 status half-configured diffutils:i386 1:3.7-3
2024-08-11 15:53:54 status installed diffutils:i386 1:3.7-3
2024-08-11 15:53:54 configure libsystemd0:i386 245.4-4ubuntu3 <none>
2024-08-11 15:53:54 status unpacked libsystemd0:i386 245.4-4ubuntu3
2024-08-11 15:53:55 status half-configured libsystemd0:i386 245.4-4ubuntu3
2024-08-11 15:53:55 status installed libsystemd0:i386 245.4-4ubuntu3
2024-08-11 15:53:55 configure hostname:i386 3.23 <none>
2024-08-11 15:53:55 status unpacked hostname:i386 3.23
2024-08-11 15:53:55 status half-configured hostname:i386 3.23
2024-08-11 15:53:55 status installed hostname:i386 3.23
2024-08-11 15:53:55 configure libpcre3:i386 2:8.39-12build1 <none>
2024-08-11 15:53:55 status unpacked libpcre3:i386 2:8.39-12build1
2024-08-11 15:53:55 status half-configured libpcre3:i386 2:8.39-12build1
2024-08-11 15:53:55 status installed libpcre3:i386 2:8.39-12build1
2024-08-11 15:53:55 configure libcap-ng0:i386 0.7.9-2.1build1 <none>
2024-08-11 15:53:55 status unpacked libcap-ng0:i386 0.7.9-2.1build1
2024-08-11 15:53:55 status half-configured libcap-ng0:i386 0.7.9-2.1build1
2024-08-11 15:53:55 status installed libcap-ng0:i386 0.7.9-2.1build1
2024-08-11 15:53:55 configure libext2fs2:i386 1.45.5-2ubuntu1 <none>
2024-08-11 15:53:55 status unpacked libext2fs2:i386 1.45.5-2ubuntu1
2024-08-11 15:53:55 status half-configured libext2fs2:i386 1.45.5-2ubuntu1
2024-08-11 15:53:55 status installed libext2fs2:i386 1.45.5-2ubuntu1
2024-08-11 15:53:56 configure libncurses6:i386 6.2-0ubuntu2 <none>
2024-08-11 15:53:56 status unpacked libncurses6:i386 6.2-0ubuntu2
2024-08-11 15:53:56 status half-configured libncurses6:i386 6.2-0ubuntu2
2024-08-11 15:53:56 status installed libncurses6:i386 6.2-0ubuntu2
2024-08-11 15:53:56 configure libaudit1:i386 1:2.8.5-2ubuntu6 <none>
2024-08-11 15:53:56 status unpacked libaudit1:i386 1:2.8.5-2ubuntu6
2024-08-11 15:53:56 status half-configured libaudit1:i386 1:2.8.5-2ubuntu6
2024-08-11 15:53:56 status installed libaudit1:i386 1:2.8.5-2ubuntu6
2024-08-11 15:53:56 configure libuuid1:i386 2.34-0.1ubuntu9 <none>
2024-08-11 15:53:56 status unpacked libuuid1:i386 2.34-0.1ubuntu9
2024-08-11 15:53:56 status half-configured libuuid1:i386 2.34-0.1ubuntu9
2024-08-11 15:53:56 status installed libuuid1:i386 2.34-0.1ubuntu9
2024-08-11 15:53:56 configure libss2:i386 1.45.5-2ubuntu1 <none>
2024-08-11 15:53:56 status unpacked libss2:i386 1.45.5-2ubuntu1
2024-08-11 15:53:56 status half-configured libss2:i386 1.45.5-2ubuntu1
2024-08-11 15:53:56 status installed libss2:i386 1.45.5-2ubuntu1
2024-08-11 15:53:56 configure libpcre2-8-0:i386 10.34-7 <none>
2024-08-11 15:53:56 status unpacked libpcre2-8-0:i386 10.34-7
2024-08-11 15:53:56 status half-configured libpcre2-8-0:i386 10.34-7
2024-08-11 15:53:56 status installed libpcre2-8-0:i386 10.34-7
2024-08-11 15:53:56 configure libncursesw6:i386 6.2-0ubuntu2 <none>
2024-08-11 15:53:56 status unpacked libncursesw6:i386 6.2-0ubuntu2
2024-08-11 15:53:56 status half-configured libncursesw6:i386 6.2-0ubuntu2
2024-08-11 15:53:56 status installed libncursesw6:i386 6.2-0ubuntu2
2024-08-11 15:53:56 configure logsave:i386 1.45.5-2ubuntu1 <none>
2024-08-11 15:53:56 status unpacked logsave:i386 1.45.5-2ubuntu1
2024-08-11 15:53:56 status half-configured logsave:i386 1.45.5-2ubuntu1
2024-08-11 15:53:57 status installed logsave:i386 1.45.5-2ubuntu1
2024-08-11 15:53:57 configure libfdisk1:i386 2.34-0.1ubuntu9 <none>
2024-08-11 15:53:57 status unpacked libfdisk1:i386 2.34-0.1ubuntu9
2024-08-11 15:53:57 status half-configured libfdisk1:i386 2.34-0.1ubuntu9
2024-08-11 15:53:57 status installed libfdisk1:i386 2.34-0.1ubuntu9
2024-08-11 15:53:57 configure libprocps8:i386 2:3.3.16-1ubuntu2 <none>
2024-08-11 15:53:57 status unpacked libprocps8:i386 2:3.3.16-1ubuntu2
2024-08-11 15:53:57 status half-configured libprocps8:i386 2:3.3.16-1ubuntu2
2024-08-11 15:53:57 status installed libprocps8:i386 2:3.3.16-1ubuntu2
2024-08-11 15:53:57 configure bsdutils:i386 1:2.34-0.1ubuntu9 <none>
2024-08-11 15:53:57 status unpacked bsdutils:i386 1:2.34-0.1ubuntu9
2024-08-11 15:53:57 status half-configured bsdutils:i386 1:2.34-0.1ubuntu9
2024-08-11 15:53:57 status installed bsdutils:i386 1:2.34-0.1ubuntu9
2024-08-11 15:53:57 configure e2fsprogs:i386 1.45.5-2ubuntu1 <none>
2024-08-11 15:53:57 status unpacked e2fsprogs:i386 1.45.5-2ubuntu1
2024-08-11 15:53:57 status half-configured e2fsprogs:i386 1.45.5-2ubuntu1
2024-08-11 15:53:58 status installed e2fsprogs:i386 1.45.5-2ubuntu1
2024-08-11 15:53:58 configure libselinux1:i386 3.0-1build2 <none>
2024-08-11 15:53:58 status unpacked libselinux1:i386 3.0-1build2
2024-08-11 15:53:58 status half-configured libselinux1:i386 3.0-1build2
2024-08-11 15:53:58 status installed libselinux1:i386 3.0-1build2
2024-08-11 15:53:58 configure sed:i386 4.7-1 <none>
2024-08-11 15:53:58 status unpacked sed:i386 4.7-1
2024-08-11 15:53:58 status half-configured sed:i386 4.7-1
2024-08-11 15:53:58 status installed sed:i386 4.7-1
2024-08-11 15:53:58 configure findutils:i386 4.7.0-1ubuntu1 <none>
2024-08-11 15:53:58 status unpacked findutils:i386 4.7.0-1ubuntu1
2024-08-11 15:53:58 status half-configured findutils:i386 4.7.0-1ubuntu1
2024-08-11 15:53:58 status installed findutils:i386 4.7.0-1ubuntu1
2024-08-11 15:53:58 configure libmount1:i386 2.34-0.1ubuntu9 <none>
2024-08-11 15:53:58 status unpacked libmount1:i386 2.34-0.1ubuntu9
2024-08-11 15:53:58 status half-configured libmount1:i386 2.34-0.1ubuntu9
2024-08-11 15:53:58 status installed libmount1:i386 2.34-0.1ubuntu9
2024-08-11 15:53:58 configure libsemanage1:i386 3.0-1build2 <none>
2024-08-11 15:53:58 status unpacked libsemanage1:i386 3.0-1build2
2024-08-11 15:53:58 status half-configured libsemanage1:i386 3.0-1build2
2024-08-11 15:53:58 status installed libsemanage1:i386 3.0-1build2
2024-08-11 15:53:58 configure tar:i386 1.30+dfsg-7 <none>
2024-08-11 15:53:58 status unpacked tar:i386 1.30+dfsg-7
2024-08-11 15:53:58 status half-configured tar:i386 1.30+dfsg-7
2024-08-11 15:53:59 status installed tar:i386 1.30+dfsg-7
2024-08-11 15:53:59 configure coreutils:i386 8.30-3ubuntu2 <none>
2024-08-11 15:53:59 status unpacked coreutils:i386 8.30-3ubuntu2
2024-08-11 15:53:59 status half-configured coreutils:i386 8.30-3ubuntu2
2024-08-11 15:53:59 status installed coreutils:i386 8.30-3ubuntu2
2024-08-11 15:53:59 configure fdisk:i386 2.34-0.1ubuntu9 <none>
2024-08-11 15:53:59 status unpacked fdisk:i386 2.34-0.1ubuntu9
2024-08-11 15:53:59 status half-configured fdisk:i386 2.34-0.1ubuntu9
2024-08-11 15:53:59 status installed fdisk:i386 2.34-0.1ubuntu9
2024-08-11 15:53:59 configure dpkg:i386 1.19.7ubuntu3 <none>
2024-08-11 15:53:59 status unpacked dpkg:i386 1.19.7ubuntu3
2024-08-11 15:53:59 status half-configured dpkg:i386 1.19.7ubuntu3
2024-08-11 15:53:59 status installed dpkg:i386 1.19.7ubuntu3
2024-08-11 15:53:59 configure grep:i386 3.4-1 <none>
2024-08-11 15:53:59 status unpacked grep:i386 3.4-1
2024-08-11 15:53:59 status half-configured grep:i386 3.4-1
2024-08-11 15:53:59 status installed grep:i386 3.4-1
2024-08-11 15:53:59 configure perl-base:i386 5.30.0-9build1 <none>
2024-08-11 15:53:59 status unpacked perl-base:i386 5.30.0-9build1
2024-08-11 15:53:59 status half-configured perl-base:i386 5.30.0-9build1
2024-08-11 15:53:59 status installed perl-base:i386 5.30.0-9build1
2024-08-11 15:54:00 configure init-system-helpers:all 1.57 <none>
2024-08-11 15:54:00 status unpacked init-system-helpers:all 1.57
2024-08-11 15:54:00 status half-configured init-system-helpers:all 1.57
2024-08-11 15:54:00 status installed init-system-helpers:all 1.57
2024-08-11 15:54:00 configure gzip:i386 1.10-0ubuntu4 <none>
2024-08-11 15:54:00 status unpacked gzip:i386 1.10-0ubuntu4
2024-08-11 15:54:00 status half-configured gzip:i386 1.10-0ubuntu4
2024-08-11 15:54:00 status installed gzip:i386 1.10-0ubuntu4
2024-08-11 15:54:00 configure procps:i386 2:3.3.16-1ubuntu2 <none>
2024-08-11 15:54:00 status unpacked procps:i386 2:3.3.16-1ubuntu2
2024-08-11 15:54:01 status half-configured procps:i386 2:3.3.16-1ubuntu2
2024-08-11 15:54:01 status installed procps:i386 2:3.3.16-1ubuntu2
2024-08-11 15:54:01 configure debconf:all 1.5.73 <none>
2024-08-11 15:54:01 status unpacked debconf:all 1.5.73
2024-08-11 15:54:01 status half-configured debconf:all 1.5.73
2024-08-11 15:54:01 status installed debconf:all 1.5.73
2024-08-11 15:54:01 configure libpam0g:i386 1.3.1-5ubuntu4 <none>
2024-08-11 15:54:01 status unpacked libpam0g:i386 1.3.1-5ubuntu4
2024-08-11 15:54:01 status half-configured libpam0g:i386 1.3.1-5ubuntu4
2024-08-11 15:54:02 status installed libpam0g:i386 1.3.1-5ubuntu4
2024-08-11 15:54:02 configure dash:i386 0.5.10.2-6 <none>
2024-08-11 15:54:02 status unpacked dash:i386 0.5.10.2-6
2024-08-11 15:54:02 status half-configured dash:i386 0.5.10.2-6
2024-08-11 15:54:02 status installed dash:i386 0.5.10.2-6
2024-08-11 15:54:02 configure libpam-modules-bin:i386 1.3.1-5ubuntu4 <none>
2024-08-11 15:54:02 status unpacked libpam-modules-bin:i386 1.3.1-5ubuntu4
2024-08-11 15:54:02 status half-configured libpam-modules-bin:i386 1.3.1-5ubuntu4
2024-08-11 15:54:02 status installed libpam-modules-bin:i386 1.3.1-5ubuntu4
2024-08-11 15:54:02 configure libpam-modules:i386 1.3.1-5ubuntu4 <none>
2024-08-11 15:54:02 status unpacked libpam-modules:i386 1.3.1-5ubuntu4
2024-08-11 15:54:03 status half-configured libpam-modules:i386 1.3.1-5ubuntu4
2024-08-11 15:54:03 status installed libpam-modules:i386 1.3.1-5ubuntu4
2024-08-11 15:54:03 configure passwd:i386 1:4.8.1-1ubuntu5 <none>
2024-08-11 15:54:03 status unpacked passwd:i386 1:4.8.1-1ubuntu5
2024-08-11 15:54:03 status half-configured passwd:i386 1:4.8.1-1ubuntu5
2024-08-11 15:54:04 status installed passwd:i386 1:4.8.1-1ubuntu5
2024-08-11 15:54:04 configure libpam-runtime:all 1.3.1-5ubuntu4 <none>
2024-08-11 15:54:04 status unpacked libpam-runtime:all 1.3.1-5ubuntu4
2024-08-11 15:54:04 status half-configured libpam-runtime:all 1.3.1-5ubuntu4
2024-08-11 15:54:04 status installed libpam-runtime:all 1.3.1-5ubuntu4
2024-08-11 15:54:04 configure login:i386 1:4.8.1-1ubuntu5 <none>
2024-08-11 15:54:04 status unpacked login:i386 1:4.8.1-1ubuntu5
2024-08-11 15:54:04 status half-configured login:i386 1:4.8.1-1ubuntu5
2024-08-11 15:54:04 status installed login:i386 1:4.8.1-1ubuntu5
2024-08-11 15:54:04 configure util-linux:i386 2.34-0.1ubuntu9 <none>
2024-08-11 15:54:04 status unpacked util-linux:i386 2.34-0.1ubuntu9
2024-08-11 15:54:05 status half-configured util-linux:i386 2.34-0.1ubuntu9
2024-08-11 15:54:05 status installed util-linux:i386 2.34-0.1ubuntu9
2024-08-11 15:54:05 configure mount:i386 2.34-0.1ubuntu9 <none>
2024-08-11 15:54:05 status unpacked mount:i386 2.34-0.1ubuntu9
2024-08-11 15:54:05 status half-configured mount:i386 2.34-0.1ubuntu9
2024-08-11 15:54:05 status installed mount:i386 2.34-0.1ubuntu9
2024-08-11 15:54:05 configure sysvinit-utils:i386 2.96-2.1ubuntu1 <none>
2024-08-11 15:54:05 status unpacked sysvinit-utils:i386 2.96-2.1ubuntu1
2024-08-11 15:54:05 status half-configured sysvinit-utils:i386 2.96-2.1ubuntu1
2024-08-11 15:54:05 status installed sysvinit-utils:i386 2.96-2.1ubuntu1
2024-08-11 15:54:05 trigproc libc-bin:i386 2.31-0ubuntu9 <none>
2024-08-11 15:54:05 status half-configured libc-bin:i386 2.31-0ubuntu9
2024-08-11 15:54:06 status installed libc-bin:i386 2.31-0ubuntu9
2024-08-11 15:54:07 startup archives install
2024-08-11 15:54:07 install adduser:all <none> 3.118ubuntu2
2024-08-11 15:54:07 status half-installed adduser:all 3.118ubuntu2
2024-08-11 15:54:07 status unpacked adduser:all 3.118ubuntu2
2024-08-11 15:54:07 install libapparmor1:i386 <none> 2.13.3-7ubuntu5
2024-08-11 15:54:07 status triggers-pending libc-bin:i386 2.31-0ubuntu9
2024-08-11 15:54:07 status half-installed libapparmor1:i386 2.13.3-7ubuntu5
2024-08-11 15:54:08 status unpacked libapparmor1:i386 2.13.3-7ubuntu5
2024-08-11 15:54:08 install libargon2-1:i386 <none> 0~20171227-0.2
2024-08-11 15:54:08 status half-installed libargon2-1:i386 0~20171227-0.2
2024-08-11 15:54:08 status unpacked libargon2-1:i386 0~20171227-0.2
2024-08-11 15:54:08 install libcap2:i386 <none> 1:2.32-1
2024-08-11 15:54:08 status half-installed libcap2:i386 1:2.32-1
2024-08-11 15:54:08 status unpacked libcap2:i386 1:2.32-1
2024-08-11 15:54:09 install libcryptsetup12:i386 <none> 2:2.2.2-3ubuntu2
2024-08-11 15:54:09 status half-installed libcryptsetup12:i386 2:2.2.2-3ubuntu2
2024-08-11 15:54:09 status unpacked libcryptsetup12:i386 2:2.2.2-3ubuntu2
2024-08-11 15:54:10 install libdevmapper1.02.1:i386 <none> 2:1.02.167-1ubuntu1
2024-08-11 15:54:10 status half-installed libdevmapper1.02.1:i386 2:1.02.167-1ubuntu1
2024-08-11 15:54:10 status unpacked libdevmapper1.02.1:i386 2:1.02.167-1ubuntu1
2024-08-11 15:54:10 install libffi7:i386 <none> 3.3-4
2024-08-11 15:54:10 status half-installed libffi7:i386 3.3-4
2024-08-11 15:54:10 status unpacked libffi7:i386 3.3-4
2024-08-11 15:54:10 install libgmp10:i386 <none> 2:6.2.0+dfsg-4
2024-08-11 15:54:10 status half-installed libgmp10:i386 2:6.2.0+dfsg-4
2024-08-11 15:54:11 status unpacked libgmp10:i386 2:6.2.0+dfsg-4
2024-08-11 15:54:11 install libgnutls30:i386 <none> 3.6.13-2ubuntu1
2024-08-11 15:54:11 status half-installed libgnutls30:i386 3.6.13-2ubuntu1
2024-08-11 15:54:11 status unpacked libgnutls30:i386 3.6.13-2ubuntu1
2024-08-11 15:54:12 install libhogweed5:i386 <none> 3.5.1+really3.5.1-2
2024-08-11 15:54:12 status half-installed libhogweed5:i386 3.5.1+really3.5.1-2
2024-08-11 15:54:12 status unpacked libhogweed5:i386 3.5.1+really3.5.1-2
2024-08-11 15:54:12 install libidn2-0:i386 <none> 2.2.0-2
2024-08-11 15:54:12 status half-installed libidn2-0:i386 2.2.0-2
2024-08-11 15:54:12 status unpacked libidn2-0:i386 2.2.0-2
2024-08-11 15:54:12 install libip4tc2:i386 <none> 1.8.4-3ubuntu2
2024-08-11 15:54:12 status half-installed libip4tc2:i386 1.8.4-3ubuntu2
2024-08-11 15:54:13 status unpacked libip4tc2:i386 1.8.4-3ubuntu2
2024-08-11 15:54:13 install libjson-c4:i386 <none> 0.13.1+dfsg-7
2024-08-11 15:54:13 status half-installed libjson-c4:i386 0.13.1+dfsg-7
2024-08-11 15:54:13 status unpacked libjson-c4:i386 0.13.1+dfsg-7
2024-08-11 15:54:13 install libkmod2:i386 <none> 27-1ubuntu2
2024-08-11 15:54:13 status half-installed libkmod2:i386 27-1ubuntu2
2024-08-11 15:54:13 status unpacked libkmod2:i386 27-1ubuntu2
2024-08-11 15:54:14 install libnettle7:i386 <none> 3.5.1+really3.5.1-2
2024-08-11 15:54:14 status half-installed libnettle7:i386 3.5.1+really3.5.1-2
2024-08-11 15:54:14 status unpacked libnettle7:i386 3.5.1+really3.5.1-2
2024-08-11 15:54:14 install libp11-kit0:i386 <none> 0.23.20-1build1
2024-08-11 15:54:14 status half-installed libp11-kit0:i386 0.23.20-1build1
2024-08-11 15:54:14 status unpacked libp11-kit0:i386 0.23.20-1build1
2024-08-11 15:54:15 install libseccomp2:i386 <none> 2.4.3-1ubuntu1
2024-08-11 15:54:15 status half-installed libseccomp2:i386 2.4.3-1ubuntu1
2024-08-11 15:54:15 status unpacked libseccomp2:i386 2.4.3-1ubuntu1
2024-08-11 15:54:15 install libssl1.1:i386 <none> 1.1.1f-1ubuntu2
2024-08-11 15:54:15 status half-installed libssl1.1:i386 1.1.1f-1ubuntu2
2024-08-11 15:54:16 status unpacked libssl1.1:i386 1.1.1f-1ubuntu2
2024-08-11 15:54:16 install libtasn1-6:i386 <none> 4.16.0-2
2024-08-11 15:54:16 status half-installed libtasn1-6:i386 4.16.0-2
2024-08-11 15:54:16 status unpacked libtasn1-6:i386 4.16.0-2
2024-08-11 15:54:17 install libunistring2:i386 <none> 0.9.10-2
2024-08-11 15:54:17 status half-installed libunistring2:i386 0.9.10-2
2024-08-11 15:54:17 status unpacked libunistring2:i386 0.9.10-2
2024-08-11 15:54:17 install systemd:i386 <none> 245.4-4ubuntu3
2024-08-11 15:54:17 status half-installed systemd:i386 245.4-4ubuntu3
2024-08-11 15:54:18 status unpacked systemd:i386 245.4-4ubuntu3
2024-08-11 15:54:18 install systemd-timesyncd:i386 <none> 245.4-4ubuntu3
2024-08-11 15:54:18 status half-installed systemd-timesyncd:i386 245.4-4ubuntu3
2024-08-11 15:54:19 status unpacked systemd-timesyncd:i386 245.4-4ubuntu3
2024-08-11 15:54:19 configure adduser:all 3.118ubuntu2 3.118ubuntu2
2024-08-11 15:54:19 status half-configured adduser:all 3.118ubuntu2
2024-08-11 15:54:19 status installed adduser:all 3.118ubuntu2
2024-08-11 15:54:19 configure libapparmor1:i386 2.13.3-7ubuntu5 2.13.3-7ubuntu5
2024-08-11 15:54:19 status half-configured libapparmor1:i386 2.13.3-7ubuntu5
2024-08-11 15:54:19 status installed libapparmor1:i386 2.13.3-7ubuntu5
2024-08-11 15:54:19 configure libargon2-1:i386 0~20171227-0.2 0~20171227-0.2
2024-08-11 15:54:19 status half-configured libargon2-1:i386 0~20171227-0.2
2024-08-11 15:54:19 status installed libargon2-1:i386 0~20171227-0.2
2024-08-11 15:54:19 configure libcap2:i386 1:2.32-1 1:2.32-1
2024-08-11 15:54:20 status half-configured libcap2:i386 1:2.32-1
2024-08-11 15:54:20 status installed libcap2:i386 1:2.32-1
2024-08-11 15:54:20 configure libdevmapper1.02.1:i386 2:1.02.167-1ubuntu1 2:1.02.167-1ubuntu1
2024-08-11 15:54:20 status half-configured libdevmapper1.02.1:i386 2:1.02.167-1ubuntu1
2024-08-11 15:54:20 status installed libdevmapper1.02.1:i386 2:1.02.167-1ubuntu1
2024-08-11 15:54:20 configure libffi7:i386 3.3-4 3.3-4
2024-08-11 15:54:20 status half-configured libffi7:i386 3.3-4
2024-08-11 15:54:20 status installed libffi7:i386 3.3-4
2024-08-11 15:54:20 configure libgmp10:i386 2:6.2.0+dfsg-4 2:6.2.0+dfsg-4
2024-08-11 15:54:20 status half-configured libgmp10:i386 2:6.2.0+dfsg-4
2024-08-11 15:54:20 status installed libgmp10:i386 2:6.2.0+dfsg-4
2024-08-11 15:54:20 configure libip4tc2:i386 1.8.4-3ubuntu2 1.8.4-3ubuntu2
2024-08-11 15:54:20 status half-configured libip4tc2:i386 1.8.4-3ubuntu2
2024-08-11 15:54:20 status installed libip4tc2:i386 1.8.4-3ubuntu2
2024-08-11 15:54:20 configure libjson-c4:i386 0.13.1+dfsg-7 0.13.1+dfsg-7
2024-08-11 15:54:20 status half-configured libjson-c4:i386 0.13.1+dfsg-7
2024-08-11 15:54:20 status installed libjson-c4:i386 0.13.1+dfsg-7
2024-08-11 15:54:20 configure libnettle7:i386 3.5.1+really3.5.1-2 3.5.1+really3.5.1-2
2024-08-11 15:54:21 status half-configured libnettle7:i386 3.5.1+really3.5.1-2
2024-08-11 15:54:21 status installed libnettle7:i386 3.5.1+really3.5.1-2
2024-08-11 15:54:21 configure libp11-kit0:i386 0.23.20-1build1 0.23.20-1build1
2024-08-11 15:54:21 status half-configured libp11-kit0:i386 0.23.20-1build1
2024-08-11 15:54:21 status installed libp11-kit0:i386 0.23.20-1build1
2024-08-11 15:54:21 configure libseccomp2:i386 2.4.3-1ubuntu1 2.4.3-1ubuntu1
2024-08-11 15:54:21 status half-configured libseccomp2:i386 2.4.3-1ubuntu1
2024-08-11 15:54:21 status installed libseccomp2:i386 2.4.3-1ubuntu1
2024-08-11 15:54:21 configure libssl1.1:i386 1.1.1f-1ubuntu2 1.1.1f-1ubuntu2
2024-08-11 15:54:21 status half-configured libssl1.1:i386 1.1.1f-1ubuntu2
2024-08-11 15:54:21 status installed libssl1.1:i386 1.1.1f-1ubuntu2
2024-08-11 15:54:21 configure libtasn1-6:i386 4.16.0-2 4.16.0-2
2024-08-11 15:54:21 status half-configured libtasn1-6:i386 4.16.0-2
2024-08-11 15:54:21 status installed libtasn1-6:i386 4.16.0-2
2024-08-11 15:54:21 configure libunistring2:i386 0.9.10-2 0.9.10-2
2024-08-11 15:54:22 status half-configured libunistring2:i386 0.9.10-2
2024-08-11 15:54:22 status installed libunistring2:i386 0.9.10-2
2024-08-11 15:54:22 configure libcryptsetup12:i386 2:2.2.2-3ubuntu2 2:2.2.2-3ubuntu2
2024-08-11 15:54:22 status half-configured libcryptsetup12:i386 2:2.2.2-3ubuntu2
2024-08-11 15:54:22 status installed libcryptsetup12:i386 2:2.2.2-3ubuntu2
2024-08-11 15:54:22 configure libhogweed5:i386 3.5.1+really3.5.1-2 3.5.1+really3.5.1-2
2024-08-11 15:54:22 status half-configured libhogweed5:i386 3.5.1+really3.5.1-2
2024-08-11 15:54:22 status installed libhogweed5:i386 3.5.1+really3.5.1-2
2024-08-11 15:54:22 configure libidn2-0:i386 2.2.0-2 2.2.0-2
2024-08-11 15:54:22 status half-configured libidn2-0:i386 2.2.0-2
2024-08-11 15:54:22 status installed libidn2-0:i386 2.2.0-2
2024-08-11 15:54:22 configure libkmod2:i386 27-1ubuntu2 27-1ubuntu2
2024-08-11 15:54:22 status half-configured libkmod2:i386 27-1ubuntu2
2024-08-11 15:54:22 status installed libkmod2:i386 27-1ubuntu2
2024-08-11 15:54:22 configure libgnutls30:i386 3.6.13-2ubuntu1 3.6.13-2ubuntu1
2024-08-11 15:54:22 status half-configured libgnutls30:i386 3.6.13-2ubuntu1
2024-08-11 15:54:22 status installed libgnutls30:i386 3.6.13-2ubuntu1
2024-08-11 15:54:22 configure systemd:i386 245.4-4ubuntu3 245.4-4ubuntu3
2024-08-11 15:54:23 status half-configured systemd:i386 245.4-4ubuntu3
2024-08-11 15:54:25 status installed systemd:i386 245.4-4ubuntu3
2024-08-11 15:54:25 configure systemd-timesyncd:i386 245.4-4ubuntu3 245.4-4ubuntu3
2024-08-11 15:54:25 status half-configured systemd-timesyncd:i386 245.4-4ubuntu3
2024-08-11 15:54:26 status installed systemd-timesyncd:i386 245.4-4ubuntu3
2024-08-11 15:54:26 trigproc libc-bin:i386 2.31-0ubuntu9 <none>
2024-08-11 15:54:26 status half-configured libc-bin:i386 2.31-0ubuntu9
2024-08-11 15:54:26 status installed libc-bin:i386 2.31-0ubuntu9
2024-08-11 15:54:27 startup archives install
2024-08-11 15:54:28 install systemd-sysv:i386 <none> 245.4-4ubuntu3
2024-08-11 15:54:28 status half-installed systemd-sysv:i386 245.4-4ubuntu3
2024-08-11 15:54:28 status unpacked systemd-sysv:i386 245.4-4ubuntu3
2024-08-11 15:54:28 configure systemd-sysv:i386 245.4-4ubuntu3 245.4-4ubuntu3
2024-08-11 15:54:28 status half-configured systemd-sysv:i386 245.4-4ubuntu3
2024-08-11 15:54:28 status installed systemd-sysv:i386 245.4-4ubuntu3
2024-08-11 15:54:29 startup archives install
2024-08-11 15:54:29 install libexpat1:i386 <none> 2.2.9-1build1
2024-08-11 15:54:29 status triggers-pending libc-bin:i386 2.31-0ubuntu9
2024-08-11 15:54:29 status half-installed libexpat1:i386 2.2.9-1build1
2024-08-11 15:54:29 status unpacked libexpat1:i386 2.2.9-1build1
2024-08-11 15:54:30 install libpython3.8-minimal:i386 <none> 3.8.2-1ubuntu1
2024-08-11 15:54:30 status half-installed libpython3.8-minimal:i386 3.8.2-1ubuntu1
2024-08-11 15:54:30 status unpacked libpython3.8-minimal:i386 3.8.2-1ubuntu1
2024-08-11 15:54:30 install python3.8-minimal:i386 <none> 3.8.2-1ubuntu1
2024-08-11 15:54:30 status half-installed python3.8-minimal:i386 3.8.2-1ubuntu1
2024-08-11 15:54:31 status unpacked python3.8-minimal:i386 3.8.2-1ubuntu1
2024-08-11 15:54:31 configure libexpat1:i386 2.2.9-1build1 2.2.9-1build1
2024-08-11 15:54:31 status half-configured libexpat1:i386 2.2.9-1build1
2024-08-11 15:54:31 status installed libexpat1:i386 2.2.9-1build1
2024-08-11 15:54:31 configure libpython3.8-minimal:i386 3.8.2-1ubuntu1 3.8.2-1ubuntu1
2024-08-11 15:54:32 status half-configured libpython3.8-minimal:i386 3.8.2-1ubuntu1
2024-08-11 15:54:32 status installed libpython3.8-minimal:i386 3.8.2-1ubuntu1
2024-08-11 15:54:32 configure python3.8-minimal:i386 3.8.2-1ubuntu1 3.8.2-1ubuntu1
2024-08-11 15:54:32 status half-configured python3.8-minimal:i386 3.8.2-1ubuntu1
2024-08-11 15:54:32 status installed python3.8-minimal:i386 3.8.2-1ubuntu1
2024-08-11 15:54:32 trigproc libc-bin:i386 2.31-0ubuntu9 <none>
2024-08-11 15:54:32 status half-configured libc-bin:i386 2.31-0ubuntu9
2024-08-11 15:54:33 status installed libc-bin:i386 2.31-0ubuntu9
2024-08-11 15:54:33 startup archives install
2024-08-11 15:54:34 install python3-minimal:i386 <none> 3.8.2-0ubuntu2
2024-08-11 15:54:34 status half-installed python3-minimal:i386 3.8.2-0ubuntu2
2024-08-11 15:54:34 status unpacked python3-minimal:i386 3.8.2-0ubuntu2
2024-08-11 15:54:34 configure python3-minimal:i386 3.8.2-0ubuntu2 3.8.2-0ubuntu2
2024-08-11 15:54:34 status half-configured python3-minimal:i386 3.8.2-0ubuntu2
2024-08-11 15:54:34 status installed python3-minimal:i386 3.8.2-0ubuntu2
2024-08-11 15:54:34 startup archives unpack
2024-08-11 15:54:35 install apt:i386 <none> 2.0.2
2024-08-11 15:54:35 status triggers-pending libc-bin:i386 2.31-0ubuntu9
2024-08-11 15:54:35 status half-installed apt:i386 2.0.2
2024-08-11 15:54:35 status unpacked apt:i386 2.0.2
2024-08-11 15:54:35 install apt-utils:i386 <none> 2.0.2
2024-08-11 15:54:35 status half-installed apt-utils:i386 2.0.2
2024-08-11 15:54:36 status unpacked apt-utils:i386 2.0.2
2024-08-11 15:54:36 install bzip2:i386 <none> 1.0.8-2
2024-08-11 15:54:36 status half-installed bzip2:i386 1.0.8-2
2024-08-11 15:54:36 status unpacked bzip2:i386 1.0.8-2
2024-08-11 15:54:36 install ca-certificates:all <none> 20190110ubuntu1
2024-08-11 15:54:36 status half-installed ca-certificates:all 20190110ubuntu1
2024-08-11 15:54:37 status unpacked ca-certificates:all 20190110ubuntu1
2024-08-11 15:54:37 install console-setup:all <none> 1.194ubuntu3
2024-08-11 15:54:37 status half-installed console-setup:all 1.194ubuntu3
2024-08-11 15:54:37 status unpacked console-setup:all 1.194ubuntu3
2024-08-11 15:54:37 install console-setup-linux:all <none> 1.194ubuntu3
2024-08-11 15:54:37 status half-installed console-setup-linux:all 1.194ubuntu3
2024-08-11 15:54:37 status triggers-pending systemd:i386 245.4-4ubuntu3
2024-08-11 15:54:38 status unpacked console-setup-linux:all 1.194ubuntu3
2024-08-11 15:54:38 install dbus:i386 <none> 1.12.16-2ubuntu2
2024-08-11 15:54:38 status half-installed dbus:i386 1.12.16-2ubuntu2
2024-08-11 15:54:39 status unpacked dbus:i386 1.12.16-2ubuntu2
2024-08-11 15:54:39 install debconf-i18n:all <none> 1.5.73
2024-08-11 15:54:39 status half-installed debconf-i18n:all 1.5.73
2024-08-11 15:54:39 status unpacked debconf-i18n:all 1.5.73
2024-08-11 15:54:39 install distro-info-data:all <none> 0.43ubuntu1
2024-08-11 15:54:39 status half-installed distro-info-data:all 0.43ubuntu1
2024-08-11 15:54:39 status unpacked distro-info-data:all 0.43ubuntu1
2024-08-11 15:54:40 install dmsetup:i386 <none> 2:1.02.167-1ubuntu1
2024-08-11 15:54:40 status half-installed dmsetup:i386 2:1.02.167-1ubuntu1
2024-08-11 15:54:40 status unpacked dmsetup:i386 2:1.02.167-1ubuntu1
2024-08-11 15:54:40 install file:i386 <none> 1:5.38-4
2024-08-11 15:54:40 status half-installed file:i386 1:5.38-4
2024-08-11 15:54:41 status unpacked file:i386 1:5.38-4
2024-08-11 15:54:41 install gir1.2-glib-2.0:i386 <none> 1.64.0-2
2024-08-11 15:54:41 status half-installed gir1.2-glib-2.0:i386 1.64.0-2
2024-08-11 15:54:41 status unpacked gir1.2-glib-2.0:i386 1.64.0-2
2024-08-11 15:54:42 install gpgv:i386 <none> 2.2.19-3ubuntu2
2024-08-11 15:54:42 status half-installed gpgv:i386 2.2.19-3ubuntu2
2024-08-11 15:54:42 status unpacked gpgv:i386 2.2.19-3ubuntu2
2024-08-11 15:54:42 install init:i386 <none> 1.57
2024-08-11 15:54:42 status half-installed init:i386 1.57
2024-08-11 15:54:42 status unpacked init:i386 1.57
2024-08-11 15:54:42 install iproute2:i386 <none> 5.5.0-1ubuntu1
2024-08-11 15:54:42 status half-installed iproute2:i386 5.5.0-1ubuntu1
2024-08-11 15:54:43 status unpacked iproute2:i386 5.5.0-1ubuntu1
2024-08-11 15:54:43 install keyboard-configuration:all <none> 1.194ubuntu3
2024-08-11 15:54:43 status half-installed keyboard-configuration:all 1.194ubuntu3
2024-08-11 15:54:43 status unpacked keyboard-configuration:all 1.194ubuntu3
2024-08-11 15:54:44 install kmod:i386 <none> 27-1ubuntu2
2024-08-11 15:54:44 status half-installed kmod:i386 27-1ubuntu2
2024-08-11 15:54:44 status unpacked kmod:i386 27-1ubuntu2
2024-08-11 15:54:44 install less:i386 <none> 551-1
2024-08-11 15:54:44 status half-installed less:i386 551-1
2024-08-11 15:54:44 status unpacked less:i386 551-1
2024-08-11 15:54:45 install libapt-pkg6.0:i386 <none> 2.0.2
2024-08-11 15:54:45 status half-installed libapt-pkg6.0:i386 2.0.2
2024-08-11 15:54:45 status unpacked libapt-pkg6.0:i386 2.0.2
2024-08-11 15:54:45 install libatm1:i386 <none> 1:2.5.1-4
2024-08-11 15:54:45 status half-installed libatm1:i386 1:2.5.1-4
2024-08-11 15:54:46 status unpacked libatm1:i386 1:2.5.1-4
2024-08-11 15:54:46 install libbsd0:i386 <none> 0.10.0-1
2024-08-11 15:54:46 status half-installed libbsd0:i386 0.10.0-1
2024-08-11 15:54:46 status unpacked libbsd0:i386 0.10.0-1
2024-08-11 15:54:46 install libcap2-bin:i386 <none> 1:2.32-1
2024-08-11 15:54:46 status half-installed libcap2-bin:i386 1:2.32-1
2024-08-11 15:54:47 status unpacked libcap2-bin:i386 1:2.32-1
2024-08-11 15:54:47 install libdbus-1-3:i386 <none> 1.12.16-2ubuntu2
2024-08-11 15:54:47 status half-installed libdbus-1-3:i386 1.12.16-2ubuntu2
2024-08-11 15:54:47 status unpacked libdbus-1-3:i386 1.12.16-2ubuntu2
2024-08-11 15:54:47 install libelf1:i386 <none> 0.176-1.1build1
2024-08-11 15:54:47 status half-installed libelf1:i386 0.176-1.1build1
2024-08-11 15:54:48 status unpacked libelf1:i386 0.176-1.1build1
2024-08-11 15:54:48 install libfribidi0:i386 <none> 1.0.8-2
2024-08-11 15:54:48 status half-installed libfribidi0:i386 1.0.8-2
2024-08-11 15:54:48 status unpacked libfribidi0:i386 1.0.8-2
2024-08-11 15:54:49 install libgirepository-1.0-1:i386 <none> 1.64.0-2
2024-08-11 15:54:49 status half-installed libgirepository-1.0-1:i386 1.64.0-2
2024-08-11 15:54:49 status unpacked libgirepository-1.0-1:i386 1.64.0-2
2024-08-11 15:54:49 install libglib2.0-0:i386 <none> 2.64.2-1~fakesync1
2024-08-11 15:54:49 status half-installed libglib2.0-0:i386 2.64.2-1~fakesync1
2024-08-11 15:54:49 status unpacked libglib2.0-0:i386 2.64.2-1~fakesync1
2024-08-11 15:54:50 install libglib2.0-data:all <none> 2.64.2-1~fakesync1
2024-08-11 15:54:50 status half-installed libglib2.0-data:all 2.64.2-1~fakesync1
2024-08-11 15:54:50 status unpacked libglib2.0-data:all 2.64.2-1~fakesync1
2024-08-11 15:54:50 install libicu66:i386 <none> 66.1-2ubuntu2
2024-08-11 15:54:50 status half-installed libicu66:i386 66.1-2ubuntu2
2024-08-11 15:54:52 status unpacked libicu66:i386 66.1-2ubuntu2
2024-08-11 15:54:52 install liblocale-gettext-perl:i386 <none> 1.07-4
2024-08-11 15:54:52 status half-installed liblocale-gettext-perl:i386 1.07-4
2024-08-11 15:54:52 status unpacked liblocale-gettext-perl:i386 1.07-4
2024-08-11 15:54:53 install libmagic-mgc:i386 <none> 1:5.38-4
2024-08-11 15:54:53 status half-installed libmagic-mgc:i386 1:5.38-4
2024-08-11 15:54:53 status unpacked libmagic-mgc:i386 1:5.38-4
2024-08-11 15:54:53 install libmagic1:i386 <none> 1:5.38-4
2024-08-11 15:54:53 status half-installed libmagic1:i386 1:5.38-4
2024-08-11 15:54:53 status unpacked libmagic1:i386 1:5.38-4
2024-08-11 15:54:54 install libmnl0:i386 <none> 1.0.4-2
2024-08-11 15:54:54 status half-installed libmnl0:i386 1.0.4-2
2024-08-11 15:54:54 status unpacked libmnl0:i386 1.0.4-2
2024-08-11 15:54:54 install libmpdec2:i386 <none> 2.4.2-3
2024-08-11 15:54:54 status half-installed libmpdec2:i386 2.4.2-3
2024-08-11 15:54:54 status unpacked libmpdec2:i386 2.4.2-3
2024-08-11 15:54:55 install libnewt0.52:i386 <none> 0.52.21-4ubuntu2
2024-08-11 15:54:55 status half-installed libnewt0.52:i386 0.52.21-4ubuntu2
2024-08-11 15:54:55 status unpacked libnewt0.52:i386 0.52.21-4ubuntu2
2024-08-11 15:54:55 install libnss-systemd:i386 <none> 245.4-4ubuntu3
2024-08-11 15:54:55 status half-installed libnss-systemd:i386 245.4-4ubuntu3
2024-08-11 15:54:55 status unpacked libnss-systemd:i386 245.4-4ubuntu3
2024-08-11 15:54:56 install libpam-cap:i386 <none> 1:2.32-1
2024-08-11 15:54:56 status half-installed libpam-cap:i386 1:2.32-1
2024-08-11 15:54:56 status unpacked libpam-cap:i386 1:2.32-1
2024-08-11 15:54:56 install libpam-systemd:i386 <none> 245.4-4ubuntu3
2024-08-11 15:54:56 status half-installed libpam-systemd:i386 245.4-4ubuntu3
2024-08-11 15:54:57 status unpacked libpam-systemd:i386 245.4-4ubuntu3
2024-08-11 15:54:57 install libpopt0:i386 <none> 1.16-14
2024-08-11 15:54:57 status half-installed libpopt0:i386 1.16-14
2024-08-11 15:54:57 status unpacked libpopt0:i386 1.16-14
2024-08-11 15:54:57 install libpython3-stdlib:i386 <none> 3.8.2-0ubuntu2
2024-08-11 15:54:57 status half-installed libpython3-stdlib:i386 3.8.2-0ubuntu2
2024-08-11 15:54:57 status unpacked libpython3-stdlib:i386 3.8.2-0ubuntu2
2024-08-11 15:54:58 install libpython3.8-stdlib:i386 <none> 3.8.2-1ubuntu1
2024-08-11 15:54:58 status half-installed libpython3.8-stdlib:i386 3.8.2-1ubuntu1
2024-08-11 15:54:58 status unpacked libpython3.8-stdlib:i386 3.8.2-1ubuntu1
2024-08-11 15:54:58 install libreadline8:i386 <none> 8.0-4
2024-08-11 15:54:58 status half-installed libreadline8:i386 8.0-4
2024-08-11 15:54:59 status unpacked libreadline8:i386 8.0-4
2024-08-11 15:54:59 install libslang2:i386 <none> 2.3.2-4
2024-08-11 15:54:59 status half-installed libslang2:i386 2.3.2-4
2024-08-11 15:54:59 status unpacked libslang2:i386 2.3.2-4
2024-08-11 15:54:59 install libsodium23:i386 <none> 1.0.18-1
2024-08-11 15:54:59 status half-installed libsodium23:i386 1.0.18-1
2024-08-11 15:55:00 status unpacked libsodium23:i386 1.0.18-1
2024-08-11 15:55:00 install libsqlite3-0:i386 <none> 3.31.1-4
2024-08-11 15:55:00 status half-installed libsqlite3-0:i386 3.31.1-4
2024-08-11 15:55:00 status unpacked libsqlite3-0:i386 3.31.1-4
2024-08-11 15:55:01 install libstdc++6:i386 <none> 10-20200411-0ubuntu1
2024-08-11 15:55:01 status half-installed libstdc++6:i386 10-20200411-0ubuntu1
2024-08-11 15:55:01 status unpacked libstdc++6:i386 10-20200411-0ubuntu1
2024-08-11 15:55:01 install libtext-charwidth-perl:i386 <none> 0.04-10
2024-08-11 15:55:01 status half-installed libtext-charwidth-perl:i386 0.04-10
2024-08-11 15:55:01 status unpacked libtext-charwidth-perl:i386 0.04-10
2024-08-11 15:55:02 install libtext-iconv-perl:i386 <none> 1.7-7
2024-08-11 15:55:02 status half-installed libtext-iconv-perl:i386 1.7-7
2024-08-11 15:55:02 status unpacked libtext-iconv-perl:i386 1.7-7
2024-08-11 15:55:02 install libtext-wrapi18n-perl:all <none> 0.06-9
2024-08-11 15:55:02 status half-installed libtext-wrapi18n-perl:all 0.06-9
2024-08-11 15:55:02 status unpacked libtext-wrapi18n-perl:all 0.06-9
2024-08-11 15:55:02 install libxml2:i386 <none> 2.9.10+dfsg-5
2024-08-11 15:55:02 status half-installed libxml2:i386 2.9.10+dfsg-5
2024-08-11 15:55:03 status unpacked libxml2:i386 2.9.10+dfsg-5
2024-08-11 15:55:03 install libxtables12:i386 <none> 1.8.4-3ubuntu2
2024-08-11 15:55:03 status half-installed libxtables12:i386 1.8.4-3ubuntu2
2024-08-11 15:55:03 status unpacked libxtables12:i386 1.8.4-3ubuntu2
2024-08-11 15:55:03 install libyaml-0-2:i386 <none> 0.2.2-1
2024-08-11 15:55:03 status half-installed libyaml-0-2:i386 0.2.2-1
2024-08-11 15:55:04 status unpacked libyaml-0-2:i386 0.2.2-1
2024-08-11 15:55:04 install locales:all <none> 2.31-0ubuntu9
2024-08-11 15:55:04 status half-installed locales:all 2.31-0ubuntu9
2024-08-11 15:55:05 status unpacked locales:all 2.31-0ubuntu9
2024-08-11 15:55:05 install lsb-release:all <none> 11.1.0ubuntu2
2024-08-11 15:55:05 status half-installed lsb-release:all 11.1.0ubuntu2
2024-08-11 15:55:05 status unpacked lsb-release:all 11.1.0ubuntu2
2024-08-11 15:55:06 install mime-support:all <none> 3.64ubuntu1
2024-08-11 15:55:06 status half-installed mime-support:all 3.64ubuntu1
2024-08-11 15:55:06 status unpacked mime-support:all 3.64ubuntu1
2024-08-11 15:55:06 install netbase:all <none> 6.1
2024-08-11 15:55:06 status half-installed netbase:all 6.1
2024-08-11 15:55:06 status unpacked netbase:all 6.1
2024-08-11 15:55:06 install netcat-openbsd:i386 <none> 1.206-1ubuntu1
2024-08-11 15:55:06 status half-installed netcat-openbsd:i386 1.206-1ubuntu1
2024-08-11 15:55:07 status unpacked netcat-openbsd:i386 1.206-1ubuntu1
2024-08-11 15:55:07 install networkd-dispatcher:all <none> 2.0.1-1
2024-08-11 15:55:07 status half-installed networkd-dispatcher:all 2.0.1-1
2024-08-11 15:55:07 status unpacked networkd-dispatcher:all 2.0.1-1
2024-08-11 15:55:07 install openssl:i386 <none> 1.1.1f-1ubuntu2
2024-08-11 15:55:07 status half-installed openssl:i386 1.1.1f-1ubuntu2
2024-08-11 15:55:08 status unpacked openssl:i386 1.1.1f-1ubuntu2
2024-08-11 15:55:08 install python3:i386 <none> 3.8.2-0ubuntu2
2024-08-11 15:55:08 status half-installed python3:i386 3.8.2-0ubuntu2
2024-08-11 15:55:08 status unpacked python3:i386 3.8.2-0ubuntu2
2024-08-11 15:55:08 install python3-dbus:i386 <none> 1.2.16-1build1
2024-08-11 15:55:08 status half-installed python3-dbus:i386 1.2.16-1build1
2024-08-11 15:55:08 status unpacked python3-dbus:i386 1.2.16-1build1
2024-08-11 15:55:09 install python3-gi:i386 <none> 3.36.0-1
2024-08-11 15:55:09 status half-installed python3-gi:i386 3.36.0-1
2024-08-11 15:55:09 status unpacked python3-gi:i386 3.36.0-1
2024-08-11 15:55:09 install python3-pkg-resources:all <none> 45.2.0-1
2024-08-11 15:55:09 status half-installed python3-pkg-resources:all 45.2.0-1
2024-08-11 15:55:09 status unpacked python3-pkg-resources:all 45.2.0-1
2024-08-11 15:55:10 install python3-pymacaroons:all <none> 0.13.0-3
2024-08-11 15:55:10 status half-installed python3-pymacaroons:all 0.13.0-3
2024-08-11 15:55:10 status unpacked python3-pymacaroons:all 0.13.0-3
2024-08-11 15:55:10 install python3-six:all <none> 1.14.0-2
2024-08-11 15:55:10 status half-installed python3-six:all 1.14.0-2
2024-08-11 15:55:10 status unpacked python3-six:all 1.14.0-2
2024-08-11 15:55:10 install python3-yaml:i386 <none> 5.3.1-1
2024-08-11 15:55:10 status half-installed python3-yaml:i386 5.3.1-1
2024-08-11 15:55:11 status unpacked python3-yaml:i386 5.3.1-1
2024-08-11 15:55:11 install python3.8:i386 <none> 3.8.2-1ubuntu1
2024-08-11 15:55:11 status half-installed python3.8:i386 3.8.2-1ubuntu1
2024-08-11 15:55:11 status unpacked python3.8:i386 3.8.2-1ubuntu1
2024-08-11 15:55:11 install readline-common:all <none> 8.0-4
2024-08-11 15:55:11 status half-installed readline-common:all 8.0-4
2024-08-11 15:55:11 status unpacked readline-common:all 8.0-4
2024-08-11 15:55:12 install shared-mime-info:i386 <none> 1.15-1
2024-08-11 15:55:12 status half-installed shared-mime-info:i386 1.15-1
2024-08-11 15:55:12 status unpacked shared-mime-info:i386 1.15-1
2024-08-11 15:55:12 install sudo:i386 <none> 1.8.31-1ubuntu1
2024-08-11 15:55:12 status half-installed sudo:i386 1.8.31-1ubuntu1
2024-08-11 15:55:13 status unpacked sudo:i386 1.8.31-1ubuntu1
2024-08-11 15:55:13 install tzdata:all <none> 2019c-3ubuntu1
2024-08-11 15:55:13 status half-installed tzdata:all 2019c-3ubuntu1
2024-08-11 15:55:14 status unpacked tzdata:all 2019c-3ubuntu1
2024-08-11 15:55:14 install ubuntu-keyring:all <none> 2020.02.11.2
2024-08-11 15:55:14 status half-installed ubuntu-keyring:all 2020.02.11.2
2024-08-11 15:55:14 status unpacked ubuntu-keyring:all 2020.02.11.2
2024-08-11 15:55:15 install ucf:all <none> 3.0038+nmu1
2024-08-11 15:55:15 status half-installed ucf:all 3.0038+nmu1
2024-08-11 15:55:15 status unpacked ucf:all 3.0038+nmu1
2024-08-11 15:55:15 install udev:i386 <none> 245.4-4ubuntu3
2024-08-11 15:55:15 status half-installed udev:i386 245.4-4ubuntu3
2024-08-11 15:55:16 status unpacked udev:i386 245.4-4ubuntu3
2024-08-11 15:55:16 install vim-common:all <none> 2:8.1.2269-1ubuntu5
2024-08-11 15:55:16 status half-installed vim-common:all 2:8.1.2269-1ubuntu5
2024-08-11 15:55:16 status unpacked vim-common:all 2:8.1.2269-1ubuntu5
2024-08-11 15:55:17 install vim-tiny:i386 <none> 2:8.1.2269-1ubuntu5
2024-08-11 15:55:17 status half-installed vim-tiny:i386 2:8.1.2269-1ubuntu5
2024-08-11 15:55:17 status unpacked vim-tiny:i386 2:8.1.2269-1ubuntu5
2024-08-11 15:55:17 install whiptail:i386 <none> 0.52.21-4ubuntu2
2024-08-11 15:55:17 status half-installed whiptail:i386 0.52.21-4ubuntu2
2024-08-11 15:55:17 status unpacked whiptail:i386 0.52.21-4ubuntu2
2024-08-11 15:55:18 install xkb-data:all <none> 2.29-2
2024-08-11 15:55:18 status half-installed xkb-data:all 2.29-2
2024-08-11 15:55:18 status unpacked xkb-data:all 2.29-2
2024-08-11 15:55:18 install xxd:i386 <none> 2:8.1.2269-1ubuntu5
2024-08-11 15:55:18 status half-installed xxd:i386 2:8.1.2269-1ubuntu5
2024-08-11 15:55:18 status unpacked xxd:i386 2:8.1.2269-1ubuntu5
2024-08-11 15:55:19 install xz-utils:i386 <none> 5.2.4-1
2024-08-11 15:55:19 status half-installed xz-utils:i386 5.2.4-1
2024-08-11 15:55:19 status unpacked xz-utils:i386 5.2.4-1
2024-08-11 15:55:19 trigproc libc-bin:i386 2.31-0ubuntu9 <none>
2024-08-11 15:55:19 status half-configured libc-bin:i386 2.31-0ubuntu9
2024-08-11 15:55:19 status installed libc-bin:i386 2.31-0ubuntu9
2024-08-11 15:55:19 trigproc systemd:i386 245.4-4ubuntu3 <none>
2024-08-11 15:55:19 status half-configured systemd:i386 245.4-4ubuntu3
2024-08-11 15:55:19 status installed systemd:i386 245.4-4ubuntu3
2024-08-11 15:55:19 startup packages configure
2024-08-11 15:55:19 configure libtext-iconv-perl:i386 1.7-7 <none>
2024-08-11 15:55:19 status unpacked libtext-iconv-perl:i386 1.7-7
2024-08-11 15:55:19 status half-configured libtext-iconv-perl:i386 1.7-7
2024-08-11 15:55:19 status installed libtext-iconv-perl:i386 1.7-7
2024-08-11 15:55:19 configure libtext-charwidth-perl:i386 0.04-10 <none>
2024-08-11 15:55:19 status unpacked libtext-charwidth-perl:i386 0.04-10
2024-08-11 15:55:19 status half-configured libtext-charwidth-perl:i386 0.04-10
2024-08-11 15:55:19 status installed libtext-charwidth-perl:i386 0.04-10
2024-08-11 15:55:19 configure libsodium23:i386 1.0.18-1 <none>
2024-08-11 15:55:19 status triggers-pending libc-bin:i386 2.31-0ubuntu9
2024-08-11 15:55:19 status unpacked libsodium23:i386 1.0.18-1
2024-08-11 15:55:20 status half-configured libsodium23:i386 1.0.18-1
2024-08-11 15:55:20 status installed libsodium23:i386 1.0.18-1
2024-08-11 15:55:20 configure mime-support:all 3.64ubuntu1 <none>
2024-08-11 15:55:20 status unpacked mime-support:all 3.64ubuntu1
2024-08-11 15:55:20 status half-configured mime-support:all 3.64ubuntu1
2024-08-11 15:55:20 status installed mime-support:all 3.64ubuntu1
2024-08-11 15:55:20 configure init:i386 1.57 <none>
2024-08-11 15:55:20 status unpacked init:i386 1.57
2024-08-11 15:55:20 status half-configured init:i386 1.57
2024-08-11 15:55:20 status installed init:i386 1.57
2024-08-11 15:55:20 configure libmagic-mgc:i386 1:5.38-4 <none>
2024-08-11 15:55:20 status unpacked libmagic-mgc:i386 1:5.38-4
2024-08-11 15:55:20 status half-configured libmagic-mgc:i386 1:5.38-4
2024-08-11 15:55:20 status installed libmagic-mgc:i386 1:5.38-4
2024-08-11 15:55:20 configure libyaml-0-2:i386 0.2.2-1 <none>
2024-08-11 15:55:20 status unpacked libyaml-0-2:i386 0.2.2-1
2024-08-11 15:55:20 status half-configured libyaml-0-2:i386 0.2.2-1
2024-08-11 15:55:20 status installed libyaml-0-2:i386 0.2.2-1
2024-08-11 15:55:20 configure libglib2.0-0:i386 2.64.2-1~fakesync1 <none>
2024-08-11 15:55:20 status unpacked libglib2.0-0:i386 2.64.2-1~fakesync1
2024-08-11 15:55:20 status half-configured libglib2.0-0:i386 2.64.2-1~fakesync1
2024-08-11 15:55:20 status installed libglib2.0-0:i386 2.64.2-1~fakesync1
2024-08-11 15:55:20 configure distro-info-data:all 0.43ubuntu1 <none>
2024-08-11 15:55:20 status unpacked distro-info-data:all 0.43ubuntu1
2024-08-11 15:55:20 status half-configured distro-info-data:all 0.43ubuntu1
2024-08-11 15:55:20 status installed distro-info-data:all 0.43ubuntu1
2024-08-11 15:55:20 configure libsqlite3-0:i386 3.31.1-4 <none>
2024-08-11 15:55:20 status unpacked libsqlite3-0:i386 3.31.1-4
2024-08-11 15:55:21 status half-configured libsqlite3-0:i386 3.31.1-4
2024-08-11 15:55:21 status installed libsqlite3-0:i386 3.31.1-4
2024-08-11 15:55:21 configure libmagic1:i386 1:5.38-4 <none>
2024-08-11 15:55:21 status unpacked libmagic1:i386 1:5.38-4
2024-08-11 15:55:21 status half-configured libmagic1:i386 1:5.38-4
2024-08-11 15:55:21 status installed libmagic1:i386 1:5.38-4
2024-08-11 15:55:21 configure less:i386 551-1 <none>
2024-08-11 15:55:21 status unpacked less:i386 551-1
2024-08-11 15:55:21 status half-configured less:i386 551-1
2024-08-11 15:55:21 status installed less:i386 551-1
2024-08-11 15:55:21 configure libnss-systemd:i386 245.4-4ubuntu3 <none>
2024-08-11 15:55:21 status unpacked libnss-systemd:i386 245.4-4ubuntu3
2024-08-11 15:55:21 status half-configured libnss-systemd:i386 245.4-4ubuntu3
2024-08-11 15:55:21 status installed libnss-systemd:i386 245.4-4ubuntu3
2024-08-11 15:55:21 configure xkb-data:all 2.29-2 <none>
2024-08-11 15:55:21 status unpacked xkb-data:all 2.29-2
2024-08-11 15:55:21 status half-configured xkb-data:all 2.29-2
2024-08-11 15:55:21 status installed xkb-data:all 2.29-2
2024-08-11 15:55:21 configure file:i386 1:5.38-4 <none>
2024-08-11 15:55:21 status unpacked file:i386 1:5.38-4
2024-08-11 15:55:21 status half-configured file:i386 1:5.38-4
2024-08-11 15:55:21 status installed file:i386 1:5.38-4
2024-08-11 15:55:21 configure kmod:i386 27-1ubuntu2 <none>
2024-08-11 15:55:21 status unpacked kmod:i386 27-1ubuntu2
2024-08-11 15:55:22 status triggers-pending systemd:i386 245.4-4ubuntu3
2024-08-11 15:55:22 status half-configured kmod:i386 27-1ubuntu2
2024-08-11 15:55:22 status installed kmod:i386 27-1ubuntu2
2024-08-11 15:55:22 configure libatm1:i386 1:2.5.1-4 <none>
2024-08-11 15:55:22 status unpacked libatm1:i386 1:2.5.1-4
2024-08-11 15:55:22 status half-configured libatm1:i386 1:2.5.1-4
2024-08-11 15:55:22 status installed libatm1:i386 1:2.5.1-4
2024-08-11 15:55:22 configure bzip2:i386 1.0.8-2 <none>
2024-08-11 15:55:22 status unpacked bzip2:i386 1.0.8-2
2024-08-11 15:55:22 status half-configured bzip2:i386 1.0.8-2
2024-08-11 15:55:22 status installed bzip2:i386 1.0.8-2
2024-08-11 15:55:22 configure locales:all 2.31-0ubuntu9 <none>
2024-08-11 15:55:22 status unpacked locales:all 2.31-0ubuntu9
2024-08-11 15:55:22 status half-configured locales:all 2.31-0ubuntu9
2024-08-11 15:55:23 status installed locales:all 2.31-0ubuntu9
2024-08-11 15:55:23 configure ubuntu-keyring:all 2020.02.11.2 <none>
2024-08-11 15:55:23 status unpacked ubuntu-keyring:all 2020.02.11.2
2024-08-11 15:55:24 status half-configured ubuntu-keyring:all 2020.02.11.2
2024-08-11 15:55:24 status installed ubuntu-keyring:all 2020.02.11.2
2024-08-11 15:55:24 configure libtext-wrapi18n-perl:all 0.06-9 <none>
2024-08-11 15:55:24 status unpacked libtext-wrapi18n-perl:all 0.06-9
2024-08-11 15:55:24 status half-configured libtext-wrapi18n-perl:all 0.06-9
2024-08-11 15:55:24 status installed libtext-wrapi18n-perl:all 0.06-9
2024-08-11 15:55:24 configure xxd:i386 2:8.1.2269-1ubuntu5 <none>
2024-08-11 15:55:24 status unpacked xxd:i386 2:8.1.2269-1ubuntu5
2024-08-11 15:55:24 status half-configured xxd:i386 2:8.1.2269-1ubuntu5
2024-08-11 15:55:24 status installed xxd:i386 2:8.1.2269-1ubuntu5
2024-08-11 15:55:24 configure tzdata:all 2019c-3ubuntu1 <none>
2024-08-11 15:55:24 status unpacked tzdata:all 2019c-3ubuntu1
2024-08-11 15:55:24 status half-configured tzdata:all 2019c-3ubuntu1
2024-08-11 15:55:24 status installed tzdata:all 2019c-3ubuntu1
2024-08-11 15:55:24 configure libcap2-bin:i386 1:2.32-1 <none>
2024-08-11 15:55:24 status unpacked libcap2-bin:i386 1:2.32-1
2024-08-11 15:55:24 status half-configured libcap2-bin:i386 1:2.32-1
2024-08-11 15:55:24 status installed libcap2-bin:i386 1:2.32-1
2024-08-11 15:55:24 configure libglib2.0-data:all 2.64.2-1~fakesync1 <none>
2024-08-11 15:55:24 status unpacked libglib2.0-data:all 2.64.2-1~fakesync1
2024-08-11 15:55:24 status half-configured libglib2.0-data:all 2.64.2-1~fakesync1
2024-08-11 15:55:24 status installed libglib2.0-data:all 2.64.2-1~fakesync1
2024-08-11 15:55:25 configure vim-common:all 2:8.1.2269-1ubuntu5 <none>
2024-08-11 15:55:25 status unpacked vim-common:all 2:8.1.2269-1ubuntu5
2024-08-11 15:55:25 status half-configured vim-common:all 2:8.1.2269-1ubuntu5
2024-08-11 15:55:25 status installed vim-common:all 2:8.1.2269-1ubuntu5
2024-08-11 15:55:25 configure libslang2:i386 2.3.2-4 <none>
2024-08-11 15:55:25 status unpacked libslang2:i386 2.3.2-4
2024-08-11 15:55:25 status half-configured libslang2:i386 2.3.2-4
2024-08-11 15:55:25 status installed libslang2:i386 2.3.2-4
2024-08-11 15:55:25 configure libdbus-1-3:i386 1.12.16-2ubuntu2 <none>
2024-08-11 15:55:25 status unpacked libdbus-1-3:i386 1.12.16-2ubuntu2
2024-08-11 15:55:25 status half-configured libdbus-1-3:i386 1.12.16-2ubuntu2
2024-08-11 15:55:25 status installed libdbus-1-3:i386 1.12.16-2ubuntu2
2024-08-11 15:55:25 configure dbus:i386 1.12.16-2ubuntu2 <none>
2024-08-11 15:55:25 status unpacked dbus:i386 1.12.16-2ubuntu2
2024-08-11 15:55:25 status half-configured dbus:i386 1.12.16-2ubuntu2
2024-08-11 15:55:26 status installed dbus:i386 1.12.16-2ubuntu2
2024-08-11 15:55:26 configure xz-utils:i386 5.2.4-1 <none>
2024-08-11 15:55:26 status unpacked xz-utils:i386 5.2.4-1
2024-08-11 15:55:26 status half-configured xz-utils:i386 5.2.4-1
2024-08-11 15:55:26 status installed xz-utils:i386 5.2.4-1
2024-08-11 15:55:26 configure libfribidi0:i386 1.0.8-2 <none>
2024-08-11 15:55:26 status unpacked libfribidi0:i386 1.0.8-2
2024-08-11 15:55:26 status half-configured libfribidi0:i386 1.0.8-2
2024-08-11 15:55:26 status installed libfribidi0:i386 1.0.8-2
2024-08-11 15:55:26 configure libmnl0:i386 1.0.4-2 <none>
2024-08-11 15:55:26 status unpacked libmnl0:i386 1.0.4-2
2024-08-11 15:55:26 status half-configured libmnl0:i386 1.0.4-2
2024-08-11 15:55:26 status installed libmnl0:i386 1.0.4-2
2024-08-11 15:55:26 configure udev:i386 245.4-4ubuntu3 <none>
2024-08-11 15:55:26 status unpacked udev:i386 245.4-4ubuntu3
2024-08-11 15:55:27 status half-configured udev:i386 245.4-4ubuntu3
2024-08-11 15:55:28 status installed udev:i386 245.4-4ubuntu3
2024-08-11 15:55:28 configure sudo:i386 1.8.31-1ubuntu1 <none>
2024-08-11 15:55:28 status unpacked sudo:i386 1.8.31-1ubuntu1
2024-08-11 15:55:28 status half-configured sudo:i386 1.8.31-1ubuntu1
2024-08-11 15:55:28 status installed sudo:i386 1.8.31-1ubuntu1
2024-08-11 15:55:28 configure ucf:all 3.0038+nmu1 <none>
2024-08-11 15:55:28 status unpacked ucf:all 3.0038+nmu1
2024-08-11 15:55:28 status half-configured ucf:all 3.0038+nmu1
2024-08-11 15:55:29 status installed ucf:all 3.0038+nmu1
2024-08-11 15:55:29 configure libxtables12:i386 1.8.4-3ubuntu2 <none>
2024-08-11 15:55:29 status unpacked libxtables12:i386 1.8.4-3ubuntu2
2024-08-11 15:55:29 status half-configured libxtables12:i386 1.8.4-3ubuntu2
2024-08-11 15:55:29 status installed libxtables12:i386 1.8.4-3ubuntu2
2024-08-11 15:55:29 configure dmsetup:i386 2:1.02.167-1ubuntu1 <none>
2024-08-11 15:55:29 status unpacked dmsetup:i386 2:1.02.167-1ubuntu1
2024-08-11 15:55:29 status half-configured dmsetup:i386 2:1.02.167-1ubuntu1
2024-08-11 15:55:29 status installed dmsetup:i386 2:1.02.167-1ubuntu1
2024-08-11 15:55:29 configure gpgv:i386 2.2.19-3ubuntu2 <none>
2024-08-11 15:55:29 status unpacked gpgv:i386 2.2.19-3ubuntu2
2024-08-11 15:55:29 status half-configured gpgv:i386 2.2.19-3ubuntu2
2024-08-11 15:55:29 status installed gpgv:i386 2.2.19-3ubuntu2
2024-08-11 15:55:29 configure libpam-systemd:i386 245.4-4ubuntu3 <none>
2024-08-11 15:55:29 status unpacked libpam-systemd:i386 245.4-4ubuntu3
2024-08-11 15:55:29 status half-configured libpam-systemd:i386 245.4-4ubuntu3
2024-08-11 15:55:30 status installed libpam-systemd:i386 245.4-4ubuntu3
2024-08-11 15:55:30 configure libgirepository-1.0-1:i386 1.64.0-2 <none>
2024-08-11 15:55:30 status unpacked libgirepository-1.0-1:i386 1.64.0-2
2024-08-11 15:55:30 status half-configured libgirepository-1.0-1:i386 1.64.0-2
2024-08-11 15:55:30 status installed libgirepository-1.0-1:i386 1.64.0-2
2024-08-11 15:55:30 configure netbase:all 6.1 <none>
2024-08-11 15:55:30 status unpacked netbase:all 6.1
2024-08-11 15:55:30 status half-configured netbase:all 6.1
2024-08-11 15:55:30 status installed netbase:all 6.1
2024-08-11 15:55:30 configure libmpdec2:i386 2.4.2-3 <none>
2024-08-11 15:55:30 status unpacked libmpdec2:i386 2.4.2-3
2024-08-11 15:55:30 status half-configured libmpdec2:i386 2.4.2-3
2024-08-11 15:55:31 status installed libmpdec2:i386 2.4.2-3
2024-08-11 15:55:31 configure openssl:i386 1.1.1f-1ubuntu2 <none>
2024-08-11 15:55:31 status unpacked openssl:i386 1.1.1f-1ubuntu2
2024-08-11 15:55:31 status half-configured openssl:i386 1.1.1f-1ubuntu2
2024-08-11 15:55:31 status installed openssl:i386 1.1.1f-1ubuntu2
2024-08-11 15:55:31 configure libbsd0:i386 0.10.0-1 <none>
2024-08-11 15:55:31 status unpacked libbsd0:i386 0.10.0-1
2024-08-11 15:55:31 status half-configured libbsd0:i386 0.10.0-1
2024-08-11 15:55:31 status installed libbsd0:i386 0.10.0-1
2024-08-11 15:55:31 configure libelf1:i386 0.176-1.1build1 <none>
2024-08-11 15:55:31 status unpacked libelf1:i386 0.176-1.1build1
2024-08-11 15:55:31 status half-configured libelf1:i386 0.176-1.1build1
2024-08-11 15:55:31 status installed libelf1:i386 0.176-1.1build1
2024-08-11 15:55:31 configure libpam-cap:i386 1:2.32-1 <none>
2024-08-11 15:55:31 status unpacked libpam-cap:i386 1:2.32-1
2024-08-11 15:55:31 status half-configured libpam-cap:i386 1:2.32-1
2024-08-11 15:55:32 status installed libpam-cap:i386 1:2.32-1
2024-08-11 15:55:32 configure readline-common:all 8.0-4 <none>
2024-08-11 15:55:32 status unpacked readline-common:all 8.0-4
2024-08-11 15:55:32 status half-configured readline-common:all 8.0-4
2024-08-11 15:55:32 status installed readline-common:all 8.0-4
2024-08-11 15:55:32 configure libstdc++6:i386 10-20200411-0ubuntu1 <none>
2024-08-11 15:55:32 status unpacked libstdc++6:i386 10-20200411-0ubuntu1
2024-08-11 15:55:32 status half-configured libstdc++6:i386 10-20200411-0ubuntu1
2024-08-11 15:55:32 status installed libstdc++6:i386 10-20200411-0ubuntu1
2024-08-11 15:55:32 configure liblocale-gettext-perl:i386 1.07-4 <none>
2024-08-11 15:55:32 status unpacked liblocale-gettext-perl:i386 1.07-4
2024-08-11 15:55:32 status half-configured liblocale-gettext-perl:i386 1.07-4
2024-08-11 15:55:32 status installed liblocale-gettext-perl:i386 1.07-4
2024-08-11 15:55:32 configure libpopt0:i386 1.16-14 <none>
2024-08-11 15:55:32 status unpacked libpopt0:i386 1.16-14
2024-08-11 15:55:32 status half-configured libpopt0:i386 1.16-14
2024-08-11 15:55:32 status installed libpopt0:i386 1.16-14
2024-08-11 15:55:33 configure libnewt0.52:i386 0.52.21-4ubuntu2 <none>
2024-08-11 15:55:33 status unpacked libnewt0.52:i386 0.52.21-4ubuntu2
2024-08-11 15:55:33 status half-configured libnewt0.52:i386 0.52.21-4ubuntu2
2024-08-11 15:55:33 status installed libnewt0.52:i386 0.52.21-4ubuntu2
2024-08-11 15:55:33 configure iproute2:i386 5.5.0-1ubuntu1 <none>
2024-08-11 15:55:33 status unpacked iproute2:i386 5.5.0-1ubuntu1
2024-08-11 15:55:33 status half-configured iproute2:i386 5.5.0-1ubuntu1
2024-08-11 15:55:34 status installed iproute2:i386 5.5.0-1ubuntu1
2024-08-11 15:55:34 configure libicu66:i386 66.1-2ubuntu2 <none>
2024-08-11 15:55:34 status unpacked libicu66:i386 66.1-2ubuntu2
2024-08-11 15:55:34 status half-configured libicu66:i386 66.1-2ubuntu2
2024-08-11 15:55:34 status installed libicu66:i386 66.1-2ubuntu2
2024-08-11 15:55:34 configure libreadline8:i386 8.0-4 <none>
2024-08-11 15:55:34 status unpacked libreadline8:i386 8.0-4
2024-08-11 15:55:34 status half-configured libreadline8:i386 8.0-4
2024-08-11 15:55:34 status installed libreadline8:i386 8.0-4
2024-08-11 15:55:34 configure netcat-openbsd:i386 1.206-1ubuntu1 <none>
2024-08-11 15:55:34 status unpacked netcat-openbsd:i386 1.206-1ubuntu1
2024-08-11 15:55:34 status half-configured netcat-openbsd:i386 1.206-1ubuntu1
2024-08-11 15:55:34 status installed netcat-openbsd:i386 1.206-1ubuntu1
2024-08-11 15:55:34 configure debconf-i18n:all 1.5.73 <none>
2024-08-11 15:55:34 status unpacked debconf-i18n:all 1.5.73
2024-08-11 15:55:34 status half-configured debconf-i18n:all 1.5.73
2024-08-11 15:55:34 status installed debconf-i18n:all 1.5.73
2024-08-11 15:55:34 configure vim-tiny:i386 2:8.1.2269-1ubuntu5 <none>
2024-08-11 15:55:34 status unpacked vim-tiny:i386 2:8.1.2269-1ubuntu5
2024-08-11 15:55:34 status half-configured vim-tiny:i386 2:8.1.2269-1ubuntu5
2024-08-11 15:55:35 status installed vim-tiny:i386 2:8.1.2269-1ubuntu5
2024-08-11 15:55:35 configure ca-certificates:all 20190110ubuntu1 <none>
2024-08-11 15:55:35 status unpacked ca-certificates:all 20190110ubuntu1
2024-08-11 15:55:35 status half-configured ca-certificates:all 20190110ubuntu1
2024-08-11 15:55:36 status installed ca-certificates:all 20190110ubuntu1
2024-08-11 15:55:36 status triggers-pending ca-certificates:all 20190110ubuntu1
2024-08-11 15:55:36 configure libapt-pkg6.0:i386 2.0.2 <none>
2024-08-11 15:55:36 status unpacked libapt-pkg6.0:i386 2.0.2
2024-08-11 15:55:36 status half-configured libapt-pkg6.0:i386 2.0.2
2024-08-11 15:55:36 status installed libapt-pkg6.0:i386 2.0.2
2024-08-11 15:55:36 configure gir1.2-glib-2.0:i386 1.64.0-2 <none>
2024-08-11 15:55:36 status unpacked gir1.2-glib-2.0:i386 1.64.0-2
2024-08-11 15:55:36 status half-configured gir1.2-glib-2.0:i386 1.64.0-2
2024-08-11 15:55:36 status installed gir1.2-glib-2.0:i386 1.64.0-2
2024-08-11 15:55:36 configure whiptail:i386 0.52.21-4ubuntu2 <none>
2024-08-11 15:55:36 status unpacked whiptail:i386 0.52.21-4ubuntu2
2024-08-11 15:55:36 status half-configured whiptail:i386 0.52.21-4ubuntu2
2024-08-11 15:55:37 status installed whiptail:i386 0.52.21-4ubuntu2
2024-08-11 15:55:37 configure keyboard-configuration:all 1.194ubuntu3 <none>
2024-08-11 15:55:37 status unpacked keyboard-configuration:all 1.194ubuntu3
2024-08-11 15:55:37 status half-configured keyboard-configuration:all 1.194ubuntu3
2024-08-11 15:55:38 status installed keyboard-configuration:all 1.194ubuntu3
2024-08-11 15:55:38 configure libpython3.8-stdlib:i386 3.8.2-1ubuntu1 <none>
2024-08-11 15:55:38 status unpacked libpython3.8-stdlib:i386 3.8.2-1ubuntu1
2024-08-11 15:55:38 status half-configured libpython3.8-stdlib:i386 3.8.2-1ubuntu1
2024-08-11 15:55:38 status installed libpython3.8-stdlib:i386 3.8.2-1ubuntu1
2024-08-11 15:55:38 configure python3.8:i386 3.8.2-1ubuntu1 <none>
2024-08-11 15:55:38 status unpacked python3.8:i386 3.8.2-1ubuntu1
2024-08-11 15:55:38 status half-configured python3.8:i386 3.8.2-1ubuntu1
2024-08-11 15:55:39 status installed python3.8:i386 3.8.2-1ubuntu1
2024-08-11 15:55:39 configure libxml2:i386 2.9.10+dfsg-5 <none>
2024-08-11 15:55:39 status unpacked libxml2:i386 2.9.10+dfsg-5
2024-08-11 15:55:39 status half-configured libxml2:i386 2.9.10+dfsg-5
2024-08-11 15:55:39 status installed libxml2:i386 2.9.10+dfsg-5
2024-08-11 15:55:39 configure libpython3-stdlib:i386 3.8.2-0ubuntu2 <none>
2024-08-11 15:55:39 status unpacked libpython3-stdlib:i386 3.8.2-0ubuntu2
2024-08-11 15:55:39 status half-configured libpython3-stdlib:i386 3.8.2-0ubuntu2
2024-08-11 15:55:39 status installed libpython3-stdlib:i386 3.8.2-0ubuntu2
2024-08-11 15:55:39 configure apt:i386 2.0.2 <none>
2024-08-11 15:55:39 status unpacked apt:i386 2.0.2
2024-08-11 15:55:39 status half-configured apt:i386 2.0.2
2024-08-11 15:55:40 status installed apt:i386 2.0.2
2024-08-11 15:55:40 configure apt-utils:i386 2.0.2 <none>
2024-08-11 15:55:40 status unpacked apt-utils:i386 2.0.2
2024-08-11 15:55:41 status half-configured apt-utils:i386 2.0.2
2024-08-11 15:55:41 status installed apt-utils:i386 2.0.2
2024-08-11 15:55:41 configure python3:i386 3.8.2-0ubuntu2 <none>
2024-08-11 15:55:41 status unpacked python3:i386 3.8.2-0ubuntu2
2024-08-11 15:55:41 status half-configured python3:i386 3.8.2-0ubuntu2
2024-08-11 15:55:41 status installed python3:i386 3.8.2-0ubuntu2
2024-08-11 15:55:41 configure python3-six:all 1.14.0-2 <none>
2024-08-11 15:55:41 status unpacked python3-six:all 1.14.0-2
2024-08-11 15:55:41 status half-configured python3-six:all 1.14.0-2
2024-08-11 15:55:41 status installed python3-six:all 1.14.0-2
2024-08-11 15:55:41 configure python3-gi:i386 3.36.0-1 <none>
2024-08-11 15:55:41 status unpacked python3-gi:i386 3.36.0-1
2024-08-11 15:55:41 status half-configured python3-gi:i386 3.36.0-1
2024-08-11 15:55:41 status installed python3-gi:i386 3.36.0-1
2024-08-11 15:55:41 configure shared-mime-info:i386 1.15-1 <none>
2024-08-11 15:55:41 status unpacked shared-mime-info:i386 1.15-1
2024-08-11 15:55:42 status half-configured shared-mime-info:i386 1.15-1
2024-08-11 15:56:07 status installed shared-mime-info:i386 1.15-1
2024-08-11 15:56:07 configure lsb-release:all 11.1.0ubuntu2 <none>
2024-08-11 15:56:07 status unpacked lsb-release:all 11.1.0ubuntu2
2024-08-11 15:56:07 status half-configured lsb-release:all 11.1.0ubuntu2
2024-08-11 15:56:07 status installed lsb-release:all 11.1.0ubuntu2
2024-08-11 15:56:07 configure python3-pkg-resources:all 45.2.0-1 <none>
2024-08-11 15:56:07 status unpacked python3-pkg-resources:all 45.2.0-1
2024-08-11 15:56:07 status half-configured python3-pkg-resources:all 45.2.0-1
2024-08-11 15:56:07 status installed python3-pkg-resources:all 45.2.0-1
2024-08-11 15:56:07 configure python3-dbus:i386 1.2.16-1build1 <none>
2024-08-11 15:56:07 status unpacked python3-dbus:i386 1.2.16-1build1
2024-08-11 15:56:07 status half-configured python3-dbus:i386 1.2.16-1build1
2024-08-11 15:56:08 status installed python3-dbus:i386 1.2.16-1build1
2024-08-11 15:56:08 configure python3-yaml:i386 5.3.1-1 <none>
2024-08-11 15:56:08 status unpacked python3-yaml:i386 5.3.1-1
2024-08-11 15:56:08 status half-configured python3-yaml:i386 5.3.1-1
2024-08-11 15:56:08 status installed python3-yaml:i386 5.3.1-1
2024-08-11 15:56:08 configure networkd-dispatcher:all 2.0.1-1 <none>
2024-08-11 15:56:08 status unpacked networkd-dispatcher:all 2.0.1-1
2024-08-11 15:56:08 status half-configured networkd-dispatcher:all 2.0.1-1
2024-08-11 15:56:09 status installed networkd-dispatcher:all 2.0.1-1
2024-08-11 15:56:09 trigproc libc-bin:i386 2.31-0ubuntu9 <none>
2024-08-11 15:56:09 status half-configured libc-bin:i386 2.31-0ubuntu9
2024-08-11 15:56:09 status installed libc-bin:i386 2.31-0ubuntu9
2024-08-11 15:56:09 trigproc systemd:i386 245.4-4ubuntu3 <none>
2024-08-11 15:56:09 status half-configured systemd:i386 245.4-4ubuntu3
2024-08-11 15:56:09 status installed systemd:i386 245.4-4ubuntu3
2024-08-11 15:56:09 trigproc ca-certificates:all 20190110ubuntu1 <none>
2024-08-11 15:56:09 status half-configured ca-certificates:all 20190110ubuntu1
2024-08-11 15:56:10 status installed ca-certificates:all 20190110ubuntu1
2024-08-11 15:56:11 startup packages configure
2024-08-11 15:56:12 startup packages configure
2024-08-11 15:56:14 startup packages configure
2024-08-11 15:56:15 startup packages configure
